2022-01-03 16:31:52,591 INFO o.s.b.StartupInfoLogger [restartedMain] Starting Assignment4SpringBootMvcJpadbApplication on HYDLPT-2GMX5 with PID 12680 (C:\Users\ramannpr\Downloads\Assignment4-SpringBootMvcJPADB\target\classes started by ramannpr in C:\Users\ramannpr\Downloads\Assignment4-SpringBootMvcJPADB)
2022-01-03 16:31:52,598 DEBUG o.s.b.StartupInfoLogger [restartedMain] Running with Spring Boot v2.3.4.RELEASE, Spring v5.2.9.RELEASE
2022-01-03 16:31:52,598 INFO o.s.b.SpringApplication [restartedMain] No active profile set, falling back to default profiles: default
2022-01-03 16:31:52,650 INFO o.s.b.l.DeferredLog [restartedMain] Devtools property defaults active! Set 'spring.devtools.add-properties' to 'false' to disable
2022-01-03 16:31:52,651 INFO o.s.b.l.DeferredLog [restartedMain] For additional web related logging consider setting the 'logging.level.web' property to 'DEBUG'
2022-01-03 16:31:53,110 INFO o.s.d.r.c.RepositoryConfigurationDelegate [restartedMain] Bootstrapping Spring Data JPA repositories in DEFERRED mode.
2022-01-03 16:31:53,165 INFO o.s.d.r.c.RepositoryConfigurationDelegate [restartedMain] Finished Spring Data repository scanning in 48ms. Found 2 JPA repository interfaces.
2022-01-03 16:31:53,415 INFO o.s.c.s.PostProcessorRegistrationDelegate$BeanPostProcessorChecker [restartedMain] Bean 'org.springframework.security.access.expression.method.DefaultMethodSecurityExpressionHandler@1cc22ff0' of type [org.springframework.security.access.expression.method.DefaultMethodSecurityExpressionHandler] is not eligible for getting processed by all BeanPostProcessors (for example: not eligible for auto-proxying)
2022-01-03 16:31:53,422 INFO o.s.c.s.PostProcessorRegistrationDelegate$BeanPostProcessorChecker [restartedMain] Bean 'methodSecurityMetadataSource' of type [org.springframework.security.access.method.DelegatingMethodSecurityMetadataSource] is not eligible for getting processed by all BeanPostProcessors (for example: not eligible for auto-proxying)
2022-01-03 16:31:54,023 INFO o.s.b.w.e.t.TomcatWebServer [restartedMain] Tomcat initialized with port(s): 1210 (http)
2022-01-03 16:31:54,031 INFO o.a.j.l.DirectJDKLog [restartedMain] Initializing ProtocolHandler ["http-nio-1210"]
2022-01-03 16:31:54,032 INFO o.a.j.l.DirectJDKLog [restartedMain] Starting service [Tomcat]
2022-01-03 16:31:54,032 INFO o.a.j.l.DirectJDKLog [restartedMain] Starting Servlet engine: [Apache Tomcat/9.0.38]
2022-01-03 16:31:54,034 INFO o.a.j.l.DirectJDKLog [restartedMain] Loaded Apache Tomcat Native library [1.2.27] using APR version [1.7.0].
2022-01-03 16:31:54,034 INFO o.a.j.l.DirectJDKLog [restartedMain] APR capabilities: IPv6 [true], sendfile [true], accept filters [false], random [true].
2022-01-03 16:31:54,034 INFO o.a.j.l.DirectJDKLog [restartedMain] APR/OpenSSL configuration: useAprConnector [false], useOpenSSL [true]
2022-01-03 16:31:54,036 INFO o.a.j.l.DirectJDKLog [restartedMain] OpenSSL successfully initialized [OpenSSL 1.1.1k  25 Mar 2021]
2022-01-03 16:31:54,221 INFO o.a.j.l.DirectJDKLog [restartedMain] At least one JAR was scanned for TLDs yet contained no TLDs. Enable debug logging for this logger for a complete list of JARs that were scanned but no TLDs were found in them. Skipping unneeded JARs during scanning can improve startup time and JSP compilation time.
2022-01-03 16:31:54,230 INFO o.a.j.l.DirectJDKLog [restartedMain] Initializing Spring embedded WebApplicationContext
2022-01-03 16:31:54,230 INFO o.s.b.w.s.c.ServletWebServerApplicationContext [restartedMain] Root WebApplicationContext: initialization completed in 1579 ms
2022-01-03 16:31:54,367 INFO o.s.s.c.ExecutorConfigurationSupport [restartedMain] Initializing ExecutorService 'applicationTaskExecutor'
2022-01-03 16:31:54,408 INFO o.h.j.i.u.LogHelper [task-1] HHH000204: Processing PersistenceUnitInfo [name: default]
2022-01-03 16:31:54,446 WARN o.s.b.a.o.j.JpaBaseConfiguration$JpaWebConfiguration [restartedMain] spring.jpa.open-in-view is enabled by default. Therefore, database queries may be performed during view rendering. Explicitly configure spring.jpa.open-in-view to disable this warning
2022-01-03 16:31:54,450 INFO o.h.Version [task-1] HHH000412: Hibernate ORM core version 5.4.21.Final
2022-01-03 16:31:54,579 INFO o.h.a.c.r.j.JavaReflectionManager [task-1] HCANN000001: Hibernate Commons Annotations {5.1.0.Final}
2022-01-03 16:31:54,678 INFO o.s.s.w.DefaultSecurityFilterChain [restartedMain] Creating filter chain: any request, [org.springframework.security.web.context.request.async.WebAsyncManagerIntegrationFilter@3a82bf55, org.springframework.security.web.context.SecurityContextPersistenceFilter@734e5972, org.springframework.security.web.header.HeaderWriterFilter@6ad9d6f7, org.springframework.security.web.csrf.CsrfFilter@26c844d3, org.springframework.security.web.authentication.logout.LogoutFilter@62e8b576, org.springframework.security.web.authentication.www.BasicAuthenticationFilter@357dd30a, org.springframework.security.web.savedrequest.RequestCacheAwareFilter@c4dd18, org.springframework.security.web.servletapi.SecurityContextHolderAwareRequestFilter@3382529c, org.springframework.security.web.authentication.AnonymousAuthenticationFilter@24831d0a, org.springframework.security.web.session.SessionManagementFilter@3174157e, org.springframework.security.web.access.ExceptionTranslationFilter@7632158d, org.springframework.security.web.access.intercept.FilterSecurityInterceptor@149102e3]
2022-01-03 16:31:54,679 INFO c.z.h.HikariDataSource [task-1] HikariPool-1 - Starting...
2022-01-03 16:31:54,977 INFO o.s.b.d.a.OptionalLiveReloadServer [restartedMain] LiveReload server is running on port 35729
2022-01-03 16:31:54,992 INFO o.a.j.l.DirectJDKLog [restartedMain] Starting ProtocolHandler ["http-nio-1210"]
2022-01-03 16:31:55,017 INFO o.s.b.w.e.t.TomcatWebServer [restartedMain] Tomcat started on port(s): 1210 (http) with context path ''
2022-01-03 16:31:55,018 INFO o.s.d.r.c.DeferredRepositoryInitializationListener [restartedMain] Triggering deferred initialization of Spring Data repositories…
2022-01-03 16:31:55,309 INFO c.z.h.HikariDataSource [task-1] HikariPool-1 - Start completed.
2022-01-03 16:31:55,322 INFO o.h.d.Dialect [task-1] HHH000400: Using dialect: org.hibernate.dialect.MySQL5Dialect
2022-01-03 16:31:55,954 DEBUG o.h.e.j.s.SqlStatementLogger [task-1] alter table users_roles add constraint FKj6m8fwv7oqv74fcehir1a9ffy foreign key (role_id) references roles (role_id)
2022-01-03 16:31:55,989 DEBUG o.h.e.j.s.SqlStatementLogger [task-1] alter table users_roles add constraint FKgd3iendaoyh04b95ykqise6qh foreign key (user_id) references user (user_id)
2022-01-03 16:31:56,019 INFO o.h.e.t.j.p.i.JtaPlatformInitiator [task-1] HHH000490: Using JtaPlatform implementation: [org.hibernate.engine.transaction.jta.platform.internal.NoJtaPlatform]
2022-01-03 16:31:56,025 INFO o.s.o.j.AbstractEntityManagerFactoryBean [task-1] Initialized JPA EntityManagerFactory for persistence unit 'default'
2022-01-03 16:31:56,271 INFO o.s.d.r.c.DeferredRepositoryInitializationListener [restartedMain] Spring Data repositories initialized!
2022-01-03 16:31:56,279 INFO o.s.b.StartupInfoLogger [restartedMain] Started Assignment4SpringBootMvcJpadbApplication in 3.913 seconds (JVM running for 4.547)
2022-01-03 16:32:01,690 INFO o.a.j.l.DirectJDKLog [http-nio-1210-exec-2] Initializing Spring DispatcherServlet 'dispatcherServlet'
2022-01-03 16:32:01,690 INFO o.s.w.s.FrameworkServlet [http-nio-1210-exec-2] Initializing Servlet 'dispatcherServlet'
2022-01-03 16:32:01,695 INFO o.s.w.s.FrameworkServlet [http-nio-1210-exec-2] Completed initialization in 5 ms
2022-01-03 16:32:01,793 INFO c.s.a.s.SecureUserDetailsServiceImpl [http-nio-1210-exec-2] in  userdetails service
2022-01-03 16:32:01,933 DEBUG o.h.e.j.s.SqlStatementLogger [http-nio-1210-exec-2] select store0_.user_id as user_id1_1_, store0_.email as email2_1_, store0_.localities as localiti3_1_, store0_.name as name4_1_, store0_.password as password5_1_, store0_.phone as phone6_1_, store0_.user_name as user_nam7_1_ from user store0_ where store0_.user_name=?
2022-01-03 16:32:01,967 DEBUG o.h.e.j.s.SqlStatementLogger [http-nio-1210-exec-2] select role0_.user_id as user_id1_2_0_, role0_.role_id as role_id2_2_0_, role1_.role_id as role_id1_0_1_, role1_.user_role as user_rol2_0_1_ from users_roles role0_ inner join roles role1_ on role0_.role_id=role1_.role_id where role0_.user_id=?
2022-01-03 16:32:04,720 INFO c.s.a.s.RoleConvertor [http-nio-1210-exec-3] before calling role converter
2022-01-03 16:32:04,724 DEBUG o.h.e.j.s.SqlStatementLogger [http-nio-1210-exec-3] select role0_.role_id as role_id1_0_, role0_.user_role as user_rol2_0_ from roles role0_ where role0_.user_role=?
2022-01-03 16:32:04,727 INFO c.s.a.s.RoleConvertor [http-nio-1210-exec-3] before calling role converter
2022-01-03 16:32:04,727 DEBUG o.h.e.j.s.SqlStatementLogger [http-nio-1210-exec-3] select role0_.role_id as role_id1_0_, role0_.user_role as user_rol2_0_ from roles role0_ where role0_.user_role=?
2022-01-03 16:32:04,729 INFO c.s.a.s.RoleConvertor [http-nio-1210-exec-3] before calling role converter
2022-01-03 16:32:04,730 DEBUG o.h.e.j.s.SqlStatementLogger [http-nio-1210-exec-3] select role0_.role_id as role_id1_0_, role0_.user_role as user_rol2_0_ from roles role0_ where role0_.user_role=?
2022-01-03 16:32:24,642 INFO c.s.a.s.RoleConvertor [http-nio-1210-exec-1] before calling role converter
2022-01-03 16:32:24,643 DEBUG o.h.e.j.s.SqlStatementLogger [http-nio-1210-exec-1] select role0_.role_id as role_id1_0_, role0_.user_role as user_rol2_0_ from roles role0_ where role0_.user_role=?
2022-01-03 16:32:24,646 INFO c.s.a.s.RoleConvertor [http-nio-1210-exec-1] before calling role converter
2022-01-03 16:32:24,646 DEBUG o.h.e.j.s.SqlStatementLogger [http-nio-1210-exec-1] select role0_.role_id as role_id1_0_, role0_.user_role as user_rol2_0_ from roles role0_ where role0_.user_role=?
2022-01-03 16:32:24,647 INFO c.s.a.s.RoleConvertor [http-nio-1210-exec-1] before calling role converter
2022-01-03 16:32:24,650 DEBUG o.h.e.j.s.SqlStatementLogger [http-nio-1210-exec-1] select role0_.role_id as role_id1_0_, role0_.user_role as user_rol2_0_ from roles role0_ where role0_.user_role=?
2022-01-03 16:32:24,652 INFO c.s.a.c.RegistrationController [http-nio-1210-exec-1] before calling Service
2022-01-03 16:32:24,769 INFO c.s.a.s.StoreServiceImpl [http-nio-1210-exec-1] In service class save method
2022-01-03 16:32:24,788 DEBUG o.h.e.j.s.SqlStatementLogger [http-nio-1210-exec-1] insert into user (email, localities, name, password, phone, user_name) values (?, ?, ?, ?, ?, ?)
2022-01-03 16:32:24,812 DEBUG o.h.e.j.s.SqlStatementLogger [http-nio-1210-exec-1] insert into users_roles (user_id, role_id) values (?, ?)
2022-01-03 16:32:24,818 DEBUG o.h.e.j.s.SqlStatementLogger [http-nio-1210-exec-1] insert into users_roles (user_id, role_id) values (?, ?)
2022-01-03 16:32:24,823 DEBUG o.h.e.j.s.SqlStatementLogger [http-nio-1210-exec-1] insert into users_roles (user_id, role_id) values (?, ?)
2022-01-03 16:32:24,831 INFO c.s.a.c.RegistrationController [http-nio-1210-exec-1] After calling Service
2022-01-03 16:32:48,297 INFO c.s.a.c.LoginController [http-nio-1210-exec-5] Before login
2022-01-03 16:32:48,297 INFO c.s.a.s.SecureUserDetailsServiceImpl [http-nio-1210-exec-5] in  userdetails service
2022-01-03 16:32:48,299 DEBUG o.h.e.j.s.SqlStatementLogger [http-nio-1210-exec-5] select store0_.user_id as user_id1_1_, store0_.email as email2_1_, store0_.localities as localiti3_1_, store0_.name as name4_1_, store0_.password as password5_1_, store0_.phone as phone6_1_, store0_.user_name as user_nam7_1_ from user store0_ where store0_.user_name=?
2022-01-03 16:32:48,302 DEBUG o.h.e.j.s.SqlStatementLogger [http-nio-1210-exec-5] select role0_.user_id as user_id1_2_0_, role0_.role_id as role_id2_2_0_, role1_.role_id as role_id1_0_1_, role1_.user_role as user_rol2_0_1_ from users_roles role0_ inner join roles role1_ on role0_.role_id=role1_.role_id where role0_.user_id=?
2022-01-03 16:32:48,307 DEBUG o.h.e.j.s.SqlStatementLogger [http-nio-1210-exec-5] select role0_.user_id as user_id1_2_0_, role0_.role_id as role_id2_2_0_, role1_.role_id as role_id1_0_1_, role1_.user_role as user_rol2_0_1_ from users_roles role0_ inner join roles role1_ on role0_.role_id=role1_.role_id where role0_.user_id=?
2022-01-03 16:32:58,855 INFO c.s.a.s.SecureUserDetailsServiceImpl [http-nio-1210-exec-6] in  userdetails service
2022-01-03 16:32:58,855 DEBUG o.h.e.j.s.SqlStatementLogger [http-nio-1210-exec-6] select store0_.user_id as user_id1_1_, store0_.email as email2_1_, store0_.localities as localiti3_1_, store0_.name as name4_1_, store0_.password as password5_1_, store0_.phone as phone6_1_, store0_.user_name as user_nam7_1_ from user store0_ where store0_.user_name=?
2022-01-03 16:32:58,858 DEBUG o.h.e.j.s.SqlStatementLogger [http-nio-1210-exec-6] select role0_.user_id as user_id1_2_0_, role0_.role_id as role_id2_2_0_, role1_.role_id as role_id1_0_1_, role1_.user_role as user_rol2_0_1_ from users_roles role0_ inner join roles role1_ on role0_.role_id=role1_.role_id where role0_.user_id=?
2022-01-03 16:32:58,860 DEBUG o.h.e.j.s.SqlStatementLogger [http-nio-1210-exec-6] select role0_.user_id as user_id1_2_0_, role0_.role_id as role_id2_2_0_, role1_.role_id as role_id1_0_1_, role1_.user_role as user_rol2_0_1_ from users_roles role0_ inner join roles role1_ on role0_.role_id=role1_.role_id where role0_.user_id=?
2022-01-03 16:33:06,255 INFO c.s.a.c.LoginController [http-nio-1210-exec-8] Before login
2022-01-03 16:33:06,256 INFO c.s.a.s.SecureUserDetailsServiceImpl [http-nio-1210-exec-8] in  userdetails service
2022-01-03 16:33:06,256 DEBUG o.h.e.j.s.SqlStatementLogger [http-nio-1210-exec-8] select store0_.user_id as user_id1_1_, store0_.email as email2_1_, store0_.localities as localiti3_1_, store0_.name as name4_1_, store0_.password as password5_1_, store0_.phone as phone6_1_, store0_.user_name as user_nam7_1_ from user store0_ where store0_.user_name=?
2022-01-03 16:33:06,259 DEBUG o.h.e.j.s.SqlStatementLogger [http-nio-1210-exec-8] select role0_.user_id as user_id1_2_0_, role0_.role_id as role_id2_2_0_, role1_.role_id as role_id1_0_1_, role1_.user_role as user_rol2_0_1_ from users_roles role0_ inner join roles role1_ on role0_.role_id=role1_.role_id where role0_.user_id=?
2022-01-03 16:33:06,261 DEBUG o.h.e.j.s.SqlStatementLogger [http-nio-1210-exec-8] select role0_.user_id as user_id1_2_0_, role0_.role_id as role_id2_2_0_, role1_.role_id as role_id1_0_1_, role1_.user_role as user_rol2_0_1_ from users_roles role0_ inner join roles role1_ on role0_.role_id=role1_.role_id where role0_.user_id=?
2022-01-03 16:33:58,580 INFO c.s.a.c.LoginController [http-nio-1210-exec-10] Before login
2022-01-03 16:33:58,580 INFO c.s.a.s.SecureUserDetailsServiceImpl [http-nio-1210-exec-10] in  userdetails service
2022-01-03 16:33:58,581 DEBUG o.h.e.j.s.SqlStatementLogger [http-nio-1210-exec-10] select store0_.user_id as user_id1_1_, store0_.email as email2_1_, store0_.localities as localiti3_1_, store0_.name as name4_1_, store0_.password as password5_1_, store0_.phone as phone6_1_, store0_.user_name as user_nam7_1_ from user store0_ where store0_.user_name=?
2022-01-03 16:33:58,584 DEBUG o.h.e.j.s.SqlStatementLogger [http-nio-1210-exec-10] select role0_.user_id as user_id1_2_0_, role0_.role_id as role_id2_2_0_, role1_.role_id as role_id1_0_1_, role1_.user_role as user_rol2_0_1_ from users_roles role0_ inner join roles role1_ on role0_.role_id=role1_.role_id where role0_.user_id=?
2022-01-03 16:33:58,674 INFO c.s.a.c.LoginController [http-nio-1210-exec-10] After login
2022-01-03 16:34:00,615 INFO c.s.a.c.ViewStoreController [http-nio-1210-exec-2] before calling Service to fetch list details
2022-01-03 16:34:00,616 INFO c.s.a.s.StoreServiceImpl [http-nio-1210-exec-2] In service class fetch all store
2022-01-03 16:34:00,621 DEBUG o.h.e.j.s.SqlStatementLogger [http-nio-1210-exec-2] select store0_.user_id as user_id1_1_, store0_.email as email2_1_, store0_.localities as localiti3_1_, store0_.name as name4_1_, store0_.password as password5_1_, store0_.phone as phone6_1_, store0_.user_name as user_nam7_1_ from user store0_
2022-01-03 16:34:00,628 DEBUG o.h.e.j.s.SqlStatementLogger [http-nio-1210-exec-2] select role0_.user_id as user_id1_2_0_, role0_.role_id as role_id2_2_0_, role1_.role_id as role_id1_0_1_, role1_.user_role as user_rol2_0_1_ from users_roles role0_ inner join roles role1_ on role0_.role_id=role1_.role_id where role0_.user_id=?
2022-01-03 16:34:00,632 DEBUG o.h.e.j.s.SqlStatementLogger [http-nio-1210-exec-2] select role0_.user_id as user_id1_2_0_, role0_.role_id as role_id2_2_0_, role1_.role_id as role_id1_0_1_, role1_.user_role as user_rol2_0_1_ from users_roles role0_ inner join roles role1_ on role0_.role_id=role1_.role_id where role0_.user_id=?
2022-01-03 16:34:00,635 DEBUG o.h.e.j.s.SqlStatementLogger [http-nio-1210-exec-2] select role0_.user_id as user_id1_2_0_, role0_.role_id as role_id2_2_0_, role1_.role_id as role_id1_0_1_, role1_.user_role as user_rol2_0_1_ from users_roles role0_ inner join roles role1_ on role0_.role_id=role1_.role_id where role0_.user_id=?
2022-01-03 16:34:00,637 DEBUG o.h.e.j.s.SqlStatementLogger [http-nio-1210-exec-2] select role0_.user_id as user_id1_2_0_, role0_.role_id as role_id2_2_0_, role1_.role_id as role_id1_0_1_, role1_.user_role as user_rol2_0_1_ from users_roles role0_ inner join roles role1_ on role0_.role_id=role1_.role_id where role0_.user_id=?
2022-01-03 16:34:00,639 DEBUG o.h.e.j.s.SqlStatementLogger [http-nio-1210-exec-2] select role0_.user_id as user_id1_2_0_, role0_.role_id as role_id2_2_0_, role1_.role_id as role_id1_0_1_, role1_.user_role as user_rol2_0_1_ from users_roles role0_ inner join roles role1_ on role0_.role_id=role1_.role_id where role0_.user_id=?
2022-01-03 16:34:00,641 DEBUG o.h.e.j.s.SqlStatementLogger [http-nio-1210-exec-2] select role0_.user_id as user_id1_2_0_, role0_.role_id as role_id2_2_0_, role1_.role_id as role_id1_0_1_, role1_.user_role as user_rol2_0_1_ from users_roles role0_ inner join roles role1_ on role0_.role_id=role1_.role_id where role0_.user_id=?
2022-01-03 16:34:00,642 DEBUG o.h.e.j.s.SqlStatementLogger [http-nio-1210-exec-2] select role0_.user_id as user_id1_2_0_, role0_.role_id as role_id2_2_0_, role1_.role_id as role_id1_0_1_, role1_.user_role as user_rol2_0_1_ from users_roles role0_ inner join roles role1_ on role0_.role_id=role1_.role_id where role0_.user_id=?
2022-01-03 16:34:00,643 DEBUG o.h.e.j.s.SqlStatementLogger [http-nio-1210-exec-2] select role0_.user_id as user_id1_2_0_, role0_.role_id as role_id2_2_0_, role1_.role_id as role_id1_0_1_, role1_.user_role as user_rol2_0_1_ from users_roles role0_ inner join roles role1_ on role0_.role_id=role1_.role_id where role0_.user_id=?
2022-01-03 16:34:00,645 DEBUG o.h.e.j.s.SqlStatementLogger [http-nio-1210-exec-2] select role0_.user_id as user_id1_2_0_, role0_.role_id as role_id2_2_0_, role1_.role_id as role_id1_0_1_, role1_.user_role as user_rol2_0_1_ from users_roles role0_ inner join roles role1_ on role0_.role_id=role1_.role_id where role0_.user_id=?
2022-01-03 16:34:00,647 DEBUG o.h.e.j.s.SqlStatementLogger [http-nio-1210-exec-2] select role0_.user_id as user_id1_2_0_, role0_.role_id as role_id2_2_0_, role1_.role_id as role_id1_0_1_, role1_.user_role as user_rol2_0_1_ from users_roles role0_ inner join roles role1_ on role0_.role_id=role1_.role_id where role0_.user_id=?
2022-01-03 16:34:00,648 DEBUG o.h.e.j.s.SqlStatementLogger [http-nio-1210-exec-2] select role0_.user_id as user_id1_2_0_, role0_.role_id as role_id2_2_0_, role1_.role_id as role_id1_0_1_, role1_.user_role as user_rol2_0_1_ from users_roles role0_ inner join roles role1_ on role0_.role_id=role1_.role_id where role0_.user_id=?
2022-01-03 16:34:00,653 INFO c.s.a.c.ViewStoreController [http-nio-1210-exec-2] after calling Service to fetch list details
2022-01-03 16:34:19,300 INFO c.s.a.c.ViewStoreController [http-nio-1210-exec-4] before calling Service to fetch list details
2022-01-03 16:34:19,302 INFO c.s.a.s.StoreServiceImpl [http-nio-1210-exec-4] In service class fetch all store
2022-01-03 16:34:19,303 DEBUG o.h.e.j.s.SqlStatementLogger [http-nio-1210-exec-4] select store0_.user_id as user_id1_1_, store0_.email as email2_1_, store0_.localities as localiti3_1_, store0_.name as name4_1_, store0_.password as password5_1_, store0_.phone as phone6_1_, store0_.user_name as user_nam7_1_ from user store0_
2022-01-03 16:34:19,308 DEBUG o.h.e.j.s.SqlStatementLogger [http-nio-1210-exec-4] select role0_.user_id as user_id1_2_0_, role0_.role_id as role_id2_2_0_, role1_.role_id as role_id1_0_1_, role1_.user_role as user_rol2_0_1_ from users_roles role0_ inner join roles role1_ on role0_.role_id=role1_.role_id where role0_.user_id=?
2022-01-03 16:34:19,312 DEBUG o.h.e.j.s.SqlStatementLogger [http-nio-1210-exec-4] select role0_.user_id as user_id1_2_0_, role0_.role_id as role_id2_2_0_, role1_.role_id as role_id1_0_1_, role1_.user_role as user_rol2_0_1_ from users_roles role0_ inner join roles role1_ on role0_.role_id=role1_.role_id where role0_.user_id=?
2022-01-03 16:34:19,315 DEBUG o.h.e.j.s.SqlStatementLogger [http-nio-1210-exec-4] select role0_.user_id as user_id1_2_0_, role0_.role_id as role_id2_2_0_, role1_.role_id as role_id1_0_1_, role1_.user_role as user_rol2_0_1_ from users_roles role0_ inner join roles role1_ on role0_.role_id=role1_.role_id where role0_.user_id=?
2022-01-03 16:34:19,317 DEBUG o.h.e.j.s.SqlStatementLogger [http-nio-1210-exec-4] select role0_.user_id as user_id1_2_0_, role0_.role_id as role_id2_2_0_, role1_.role_id as role_id1_0_1_, role1_.user_role as user_rol2_0_1_ from users_roles role0_ inner join roles role1_ on role0_.role_id=role1_.role_id where role0_.user_id=?
2022-01-03 16:34:19,318 DEBUG o.h.e.j.s.SqlStatementLogger [http-nio-1210-exec-4] select role0_.user_id as user_id1_2_0_, role0_.role_id as role_id2_2_0_, role1_.role_id as role_id1_0_1_, role1_.user_role as user_rol2_0_1_ from users_roles role0_ inner join roles role1_ on role0_.role_id=role1_.role_id where role0_.user_id=?
2022-01-03 16:34:19,321 DEBUG o.h.e.j.s.SqlStatementLogger [http-nio-1210-exec-4] select role0_.user_id as user_id1_2_0_, role0_.role_id as role_id2_2_0_, role1_.role_id as role_id1_0_1_, role1_.user_role as user_rol2_0_1_ from users_roles role0_ inner join roles role1_ on role0_.role_id=role1_.role_id where role0_.user_id=?
2022-01-03 16:34:19,322 DEBUG o.h.e.j.s.SqlStatementLogger [http-nio-1210-exec-4] select role0_.user_id as user_id1_2_0_, role0_.role_id as role_id2_2_0_, role1_.role_id as role_id1_0_1_, role1_.user_role as user_rol2_0_1_ from users_roles role0_ inner join roles role1_ on role0_.role_id=role1_.role_id where role0_.user_id=?
2022-01-03 16:34:19,324 DEBUG o.h.e.j.s.SqlStatementLogger [http-nio-1210-exec-4] select role0_.user_id as user_id1_2_0_, role0_.role_id as role_id2_2_0_, role1_.role_id as role_id1_0_1_, role1_.user_role as user_rol2_0_1_ from users_roles role0_ inner join roles role1_ on role0_.role_id=role1_.role_id where role0_.user_id=?
2022-01-03 16:34:19,326 DEBUG o.h.e.j.s.SqlStatementLogger [http-nio-1210-exec-4] select role0_.user_id as user_id1_2_0_, role0_.role_id as role_id2_2_0_, role1_.role_id as role_id1_0_1_, role1_.user_role as user_rol2_0_1_ from users_roles role0_ inner join roles role1_ on role0_.role_id=role1_.role_id where role0_.user_id=?
2022-01-03 16:34:19,327 DEBUG o.h.e.j.s.SqlStatementLogger [http-nio-1210-exec-4] select role0_.user_id as user_id1_2_0_, role0_.role_id as role_id2_2_0_, role1_.role_id as role_id1_0_1_, role1_.user_role as user_rol2_0_1_ from users_roles role0_ inner join roles role1_ on role0_.role_id=role1_.role_id where role0_.user_id=?
2022-01-03 16:34:19,328 DEBUG o.h.e.j.s.SqlStatementLogger [http-nio-1210-exec-4] select role0_.user_id as user_id1_2_0_, role0_.role_id as role_id2_2_0_, role1_.role_id as role_id1_0_1_, role1_.user_role as user_rol2_0_1_ from users_roles role0_ inner join roles role1_ on role0_.role_id=role1_.role_id where role0_.user_id=?
2022-01-03 16:34:19,331 INFO c.s.a.c.ViewStoreController [http-nio-1210-exec-4] after calling Service to fetch list details
2022-01-03 16:34:25,695 INFO c.s.a.s.RoleConvertor [http-nio-1210-exec-7] before calling role converter
2022-01-03 16:34:25,698 DEBUG o.h.e.j.s.SqlStatementLogger [http-nio-1210-exec-7] select role0_.role_id as role_id1_0_, role0_.user_role as user_rol2_0_ from roles role0_ where role0_.user_role=?
2022-01-03 16:34:25,702 INFO c.s.a.s.RoleConvertor [http-nio-1210-exec-7] before calling role converter
2022-01-03 16:34:25,704 DEBUG o.h.e.j.s.SqlStatementLogger [http-nio-1210-exec-7] select role0_.role_id as role_id1_0_, role0_.user_role as user_rol2_0_ from roles role0_ where role0_.user_role=?
2022-01-03 16:34:25,708 INFO c.s.a.s.RoleConvertor [http-nio-1210-exec-7] before calling role converter
2022-01-03 16:34:25,710 DEBUG o.h.e.j.s.SqlStatementLogger [http-nio-1210-exec-7] select role0_.role_id as role_id1_0_, role0_.user_role as user_rol2_0_ from roles role0_ where role0_.user_role=?
2022-01-03 16:34:58,238 INFO c.s.a.s.RoleConvertor [http-nio-1210-exec-8] before calling role converter
2022-01-03 16:34:58,239 DEBUG o.h.e.j.s.SqlStatementLogger [http-nio-1210-exec-8] select role0_.role_id as role_id1_0_, role0_.user_role as user_rol2_0_ from roles role0_ where role0_.user_role=?
2022-01-03 16:34:58,242 INFO c.s.a.s.RoleConvertor [http-nio-1210-exec-8] before calling role converter
2022-01-03 16:34:58,243 DEBUG o.h.e.j.s.SqlStatementLogger [http-nio-1210-exec-8] select role0_.role_id as role_id1_0_, role0_.user_role as user_rol2_0_ from roles role0_ where role0_.user_role=?
2022-01-03 16:34:58,245 INFO c.s.a.c.RegistrationController [http-nio-1210-exec-8] before calling Service
2022-01-03 16:34:58,340 INFO c.s.a.s.StoreServiceImpl [http-nio-1210-exec-8] In service class save method
2022-01-03 16:34:58,341 DEBUG o.h.e.j.s.SqlStatementLogger [http-nio-1210-exec-8] insert into user (email, localities, name, password, phone, user_name) values (?, ?, ?, ?, ?, ?)
2022-01-03 16:34:58,347 DEBUG o.h.e.j.s.SqlStatementLogger [http-nio-1210-exec-8] insert into users_roles (user_id, role_id) values (?, ?)
2022-01-03 16:34:58,351 DEBUG o.h.e.j.s.SqlStatementLogger [http-nio-1210-exec-8] insert into users_roles (user_id, role_id) values (?, ?)
2022-01-03 16:34:58,357 INFO c.s.a.c.RegistrationController [http-nio-1210-exec-8] After calling Service
2022-01-03 16:35:13,286 INFO c.s.a.c.LoginController [http-nio-1210-exec-2] Before login
2022-01-03 16:35:13,286 INFO c.s.a.s.SecureUserDetailsServiceImpl [http-nio-1210-exec-2] in  userdetails service
2022-01-03 16:35:13,287 DEBUG o.h.e.j.s.SqlStatementLogger [http-nio-1210-exec-2] select store0_.user_id as user_id1_1_, store0_.email as email2_1_, store0_.localities as localiti3_1_, store0_.name as name4_1_, store0_.password as password5_1_, store0_.phone as phone6_1_, store0_.user_name as user_nam7_1_ from user store0_ where store0_.user_name=?
2022-01-03 16:35:13,289 DEBUG o.h.e.j.s.SqlStatementLogger [http-nio-1210-exec-2] select role0_.user_id as user_id1_2_0_, role0_.role_id as role_id2_2_0_, role1_.role_id as role_id1_0_1_, role1_.user_role as user_rol2_0_1_ from users_roles role0_ inner join roles role1_ on role0_.role_id=role1_.role_id where role0_.user_id=?
2022-01-03 16:35:13,392 INFO c.s.a.c.LoginController [http-nio-1210-exec-2] After login
2022-01-03 16:35:17,245 INFO c.s.a.c.ViewStoreController [http-nio-1210-exec-3] before calling Service to fetch list details
2022-01-03 16:35:17,246 INFO c.s.a.s.StoreServiceImpl [http-nio-1210-exec-3] In service class fetch all store
2022-01-03 16:35:17,246 DEBUG o.h.e.j.s.SqlStatementLogger [http-nio-1210-exec-3] select store0_.user_id as user_id1_1_, store0_.email as email2_1_, store0_.localities as localiti3_1_, store0_.name as name4_1_, store0_.password as password5_1_, store0_.phone as phone6_1_, store0_.user_name as user_nam7_1_ from user store0_
2022-01-03 16:35:17,249 DEBUG o.h.e.j.s.SqlStatementLogger [http-nio-1210-exec-3] select role0_.user_id as user_id1_2_0_, role0_.role_id as role_id2_2_0_, role1_.role_id as role_id1_0_1_, role1_.user_role as user_rol2_0_1_ from users_roles role0_ inner join roles role1_ on role0_.role_id=role1_.role_id where role0_.user_id=?
2022-01-03 16:35:17,251 DEBUG o.h.e.j.s.SqlStatementLogger [http-nio-1210-exec-3] select role0_.user_id as user_id1_2_0_, role0_.role_id as role_id2_2_0_, role1_.role_id as role_id1_0_1_, role1_.user_role as user_rol2_0_1_ from users_roles role0_ inner join roles role1_ on role0_.role_id=role1_.role_id where role0_.user_id=?
2022-01-03 16:35:17,252 DEBUG o.h.e.j.s.SqlStatementLogger [http-nio-1210-exec-3] select role0_.user_id as user_id1_2_0_, role0_.role_id as role_id2_2_0_, role1_.role_id as role_id1_0_1_, role1_.user_role as user_rol2_0_1_ from users_roles role0_ inner join roles role1_ on role0_.role_id=role1_.role_id where role0_.user_id=?
2022-01-03 16:35:17,253 DEBUG o.h.e.j.s.SqlStatementLogger [http-nio-1210-exec-3] select role0_.user_id as user_id1_2_0_, role0_.role_id as role_id2_2_0_, role1_.role_id as role_id1_0_1_, role1_.user_role as user_rol2_0_1_ from users_roles role0_ inner join roles role1_ on role0_.role_id=role1_.role_id where role0_.user_id=?
2022-01-03 16:35:17,253 DEBUG o.h.e.j.s.SqlStatementLogger [http-nio-1210-exec-3] select role0_.user_id as user_id1_2_0_, role0_.role_id as role_id2_2_0_, role1_.role_id as role_id1_0_1_, role1_.user_role as user_rol2_0_1_ from users_roles role0_ inner join roles role1_ on role0_.role_id=role1_.role_id where role0_.user_id=?
2022-01-03 16:35:17,255 DEBUG o.h.e.j.s.SqlStatementLogger [http-nio-1210-exec-3] select role0_.user_id as user_id1_2_0_, role0_.role_id as role_id2_2_0_, role1_.role_id as role_id1_0_1_, role1_.user_role as user_rol2_0_1_ from users_roles role0_ inner join roles role1_ on role0_.role_id=role1_.role_id where role0_.user_id=?
2022-01-03 16:35:17,258 DEBUG o.h.e.j.s.SqlStatementLogger [http-nio-1210-exec-3] select role0_.user_id as user_id1_2_0_, role0_.role_id as role_id2_2_0_, role1_.role_id as role_id1_0_1_, role1_.user_role as user_rol2_0_1_ from users_roles role0_ inner join roles role1_ on role0_.role_id=role1_.role_id where role0_.user_id=?
2022-01-03 16:35:17,260 DEBUG o.h.e.j.s.SqlStatementLogger [http-nio-1210-exec-3] select role0_.user_id as user_id1_2_0_, role0_.role_id as role_id2_2_0_, role1_.role_id as role_id1_0_1_, role1_.user_role as user_rol2_0_1_ from users_roles role0_ inner join roles role1_ on role0_.role_id=role1_.role_id where role0_.user_id=?
2022-01-03 16:35:17,262 DEBUG o.h.e.j.s.SqlStatementLogger [http-nio-1210-exec-3] select role0_.user_id as user_id1_2_0_, role0_.role_id as role_id2_2_0_, role1_.role_id as role_id1_0_1_, role1_.user_role as user_rol2_0_1_ from users_roles role0_ inner join roles role1_ on role0_.role_id=role1_.role_id where role0_.user_id=?
2022-01-03 16:35:17,264 DEBUG o.h.e.j.s.SqlStatementLogger [http-nio-1210-exec-3] select role0_.user_id as user_id1_2_0_, role0_.role_id as role_id2_2_0_, role1_.role_id as role_id1_0_1_, role1_.user_role as user_rol2_0_1_ from users_roles role0_ inner join roles role1_ on role0_.role_id=role1_.role_id where role0_.user_id=?
2022-01-03 16:35:17,265 DEBUG o.h.e.j.s.SqlStatementLogger [http-nio-1210-exec-3] select role0_.user_id as user_id1_2_0_, role0_.role_id as role_id2_2_0_, role1_.role_id as role_id1_0_1_, role1_.user_role as user_rol2_0_1_ from users_roles role0_ inner join roles role1_ on role0_.role_id=role1_.role_id where role0_.user_id=?
2022-01-03 16:35:17,267 DEBUG o.h.e.j.s.SqlStatementLogger [http-nio-1210-exec-3] select role0_.user_id as user_id1_2_0_, role0_.role_id as role_id2_2_0_, role1_.role_id as role_id1_0_1_, role1_.user_role as user_rol2_0_1_ from users_roles role0_ inner join roles role1_ on role0_.role_id=role1_.role_id where role0_.user_id=?
2022-01-03 16:35:17,269 INFO c.s.a.c.ViewStoreController [http-nio-1210-exec-3] after calling Service to fetch list details
2022-01-03 16:35:23,534 INFO c.s.a.s.RoleConvertor [http-nio-1210-exec-1] before calling role converter
2022-01-03 16:35:23,535 DEBUG o.h.e.j.s.SqlStatementLogger [http-nio-1210-exec-1] select role0_.role_id as role_id1_0_, role0_.user_role as user_rol2_0_ from roles role0_ where role0_.user_role=?
2022-01-03 16:35:23,537 INFO c.s.a.s.RoleConvertor [http-nio-1210-exec-1] before calling role converter
2022-01-03 16:35:23,538 DEBUG o.h.e.j.s.SqlStatementLogger [http-nio-1210-exec-1] select role0_.role_id as role_id1_0_, role0_.user_role as user_rol2_0_ from roles role0_ where role0_.user_role=?
2022-01-03 16:35:23,540 INFO c.s.a.s.RoleConvertor [http-nio-1210-exec-1] before calling role converter
2022-01-03 16:35:23,541 DEBUG o.h.e.j.s.SqlStatementLogger [http-nio-1210-exec-1] select role0_.role_id as role_id1_0_, role0_.user_role as user_rol2_0_ from roles role0_ where role0_.user_role=?
2022-01-03 16:35:26,198 INFO c.s.a.c.ViewStoreController [http-nio-1210-exec-4] before calling Service to fetch list details
2022-01-03 16:35:26,200 INFO c.s.a.s.StoreServiceImpl [http-nio-1210-exec-4] In service class fetch all store
2022-01-03 16:35:26,201 DEBUG o.h.e.j.s.SqlStatementLogger [http-nio-1210-exec-4] select store0_.user_id as user_id1_1_, store0_.email as email2_1_, store0_.localities as localiti3_1_, store0_.name as name4_1_, store0_.password as password5_1_, store0_.phone as phone6_1_, store0_.user_name as user_nam7_1_ from user store0_
2022-01-03 16:35:26,204 DEBUG o.h.e.j.s.SqlStatementLogger [http-nio-1210-exec-4] select role0_.user_id as user_id1_2_0_, role0_.role_id as role_id2_2_0_, role1_.role_id as role_id1_0_1_, role1_.user_role as user_rol2_0_1_ from users_roles role0_ inner join roles role1_ on role0_.role_id=role1_.role_id where role0_.user_id=?
2022-01-03 16:35:26,207 DEBUG o.h.e.j.s.SqlStatementLogger [http-nio-1210-exec-4] select role0_.user_id as user_id1_2_0_, role0_.role_id as role_id2_2_0_, role1_.role_id as role_id1_0_1_, role1_.user_role as user_rol2_0_1_ from users_roles role0_ inner join roles role1_ on role0_.role_id=role1_.role_id where role0_.user_id=?
2022-01-03 16:35:26,210 DEBUG o.h.e.j.s.SqlStatementLogger [http-nio-1210-exec-4] select role0_.user_id as user_id1_2_0_, role0_.role_id as role_id2_2_0_, role1_.role_id as role_id1_0_1_, role1_.user_role as user_rol2_0_1_ from users_roles role0_ inner join roles role1_ on role0_.role_id=role1_.role_id where role0_.user_id=?
2022-01-03 16:35:26,212 DEBUG o.h.e.j.s.SqlStatementLogger [http-nio-1210-exec-4] select role0_.user_id as user_id1_2_0_, role0_.role_id as role_id2_2_0_, role1_.role_id as role_id1_0_1_, role1_.user_role as user_rol2_0_1_ from users_roles role0_ inner join roles role1_ on role0_.role_id=role1_.role_id where role0_.user_id=?
2022-01-03 16:35:26,214 DEBUG o.h.e.j.s.SqlStatementLogger [http-nio-1210-exec-4] select role0_.user_id as user_id1_2_0_, role0_.role_id as role_id2_2_0_, role1_.role_id as role_id1_0_1_, role1_.user_role as user_rol2_0_1_ from users_roles role0_ inner join roles role1_ on role0_.role_id=role1_.role_id where role0_.user_id=?
2022-01-03 16:35:26,218 DEBUG o.h.e.j.s.SqlStatementLogger [http-nio-1210-exec-4] select role0_.user_id as user_id1_2_0_, role0_.role_id as role_id2_2_0_, role1_.role_id as role_id1_0_1_, role1_.user_role as user_rol2_0_1_ from users_roles role0_ inner join roles role1_ on role0_.role_id=role1_.role_id where role0_.user_id=?
2022-01-03 16:35:26,219 DEBUG o.h.e.j.s.SqlStatementLogger [http-nio-1210-exec-4] select role0_.user_id as user_id1_2_0_, role0_.role_id as role_id2_2_0_, role1_.role_id as role_id1_0_1_, role1_.user_role as user_rol2_0_1_ from users_roles role0_ inner join roles role1_ on role0_.role_id=role1_.role_id where role0_.user_id=?
2022-01-03 16:35:26,222 DEBUG o.h.e.j.s.SqlStatementLogger [http-nio-1210-exec-4] select role0_.user_id as user_id1_2_0_, role0_.role_id as role_id2_2_0_, role1_.role_id as role_id1_0_1_, role1_.user_role as user_rol2_0_1_ from users_roles role0_ inner join roles role1_ on role0_.role_id=role1_.role_id where role0_.user_id=?
2022-01-03 16:35:26,225 DEBUG o.h.e.j.s.SqlStatementLogger [http-nio-1210-exec-4] select role0_.user_id as user_id1_2_0_, role0_.role_id as role_id2_2_0_, role1_.role_id as role_id1_0_1_, role1_.user_role as user_rol2_0_1_ from users_roles role0_ inner join roles role1_ on role0_.role_id=role1_.role_id where role0_.user_id=?
2022-01-03 16:35:26,227 DEBUG o.h.e.j.s.SqlStatementLogger [http-nio-1210-exec-4] select role0_.user_id as user_id1_2_0_, role0_.role_id as role_id2_2_0_, role1_.role_id as role_id1_0_1_, role1_.user_role as user_rol2_0_1_ from users_roles role0_ inner join roles role1_ on role0_.role_id=role1_.role_id where role0_.user_id=?
2022-01-03 16:35:26,229 DEBUG o.h.e.j.s.SqlStatementLogger [http-nio-1210-exec-4] select role0_.user_id as user_id1_2_0_, role0_.role_id as role_id2_2_0_, role1_.role_id as role_id1_0_1_, role1_.user_role as user_rol2_0_1_ from users_roles role0_ inner join roles role1_ on role0_.role_id=role1_.role_id where role0_.user_id=?
2022-01-03 16:35:26,231 DEBUG o.h.e.j.s.SqlStatementLogger [http-nio-1210-exec-4] select role0_.user_id as user_id1_2_0_, role0_.role_id as role_id2_2_0_, role1_.role_id as role_id1_0_1_, role1_.user_role as user_rol2_0_1_ from users_roles role0_ inner join roles role1_ on role0_.role_id=role1_.role_id where role0_.user_id=?
2022-01-03 16:35:26,237 INFO c.s.a.c.ViewStoreController [http-nio-1210-exec-4] after calling Service to fetch list details
2022-01-03 16:35:30,777 INFO c.s.a.c.ViewStoreController [http-nio-1210-exec-5] before calling Service to fetch store details by email
2022-01-03 16:35:30,779 INFO c.s.a.s.StoreServiceImpl [http-nio-1210-exec-5] In service class fetch store
2022-01-03 16:35:30,784 DEBUG o.h.e.j.s.SqlStatementLogger [http-nio-1210-exec-5] select store0_.user_id as user_id1_1_, store0_.email as email2_1_, store0_.localities as localiti3_1_, store0_.name as name4_1_, store0_.password as password5_1_, store0_.phone as phone6_1_, store0_.user_name as user_nam7_1_ from user store0_ where store0_.email=?
2022-01-03 16:35:30,787 DEBUG o.h.e.j.s.SqlStatementLogger [http-nio-1210-exec-5] select role0_.user_id as user_id1_2_0_, role0_.role_id as role_id2_2_0_, role1_.role_id as role_id1_0_1_, role1_.user_role as user_rol2_0_1_ from users_roles role0_ inner join roles role1_ on role0_.role_id=role1_.role_id where role0_.user_id=?
2022-01-03 16:35:30,790 DEBUG o.h.e.j.s.SqlStatementLogger [http-nio-1210-exec-5] select role0_.user_id as user_id1_2_0_, role0_.role_id as role_id2_2_0_, role1_.role_id as role_id1_0_1_, role1_.user_role as user_rol2_0_1_ from users_roles role0_ inner join roles role1_ on role0_.role_id=role1_.role_id where role0_.user_id=?
2022-01-03 16:35:30,797 ERROR o.a.j.l.DirectJDKLog [http-nio-1210-exec-5] Servlet.service() for servlet [dispatcherServlet] in context with path [] threw exception [Request processing failed; nested exception is org.springframework.dao.IncorrectResultSizeDataAccessException: query did not return a unique result: 2; nested exception is javax.persistence.NonUniqueResultException: query did not return a unique result: 2] with root cause
javax.persistence.NonUniqueResultException: query did not return a unique result: 2
	at org.hibernate.internal.ExceptionConverterImpl.convert(ExceptionConverterImpl.java:128) ~[hibernate-core-5.4.21.Final.jar:5.4.21.Final]
	at org.hibernate.query.internal.AbstractProducedQuery.getSingleResult(AbstractProducedQuery.java:1588) ~[hibernate-core-5.4.21.Final.jar:5.4.21.Final]
	at org.hibernate.query.criteria.internal.compile.CriteriaQueryTypeQueryAdapter.getSingleResult(CriteriaQueryTypeQueryAdapter.java:111) ~[hibernate-core-5.4.21.Final.jar:5.4.21.Final]
	at org.springframework.data.jpa.repository.query.JpaQueryExecution$SingleEntityExecution.doExecute(JpaQueryExecution.java:196) ~[spring-data-jpa-2.3.4.RELEASE.jar:2.3.4.RELEASE]
	at org.springframework.data.jpa.repository.query.JpaQueryExecution.execute(JpaQueryExecution.java:88) ~[spring-data-jpa-2.3.4.RELEASE.jar:2.3.4.RELEASE]
	at org.springframework.data.jpa.repository.query.AbstractJpaQuery.doExecute(AbstractJpaQuery.java:154) ~[spring-data-jpa-2.3.4.RELEASE.jar:2.3.4.RELEASE]
	at org.springframework.data.jpa.repository.query.AbstractJpaQuery.execute(AbstractJpaQuery.java:142) ~[spring-data-jpa-2.3.4.RELEASE.jar:2.3.4.RELEASE]
	at org.springframework.data.repository.core.support.QueryExecutorMethodInterceptor$QueryMethodInvoker.invoke(QueryExecutorMethodInterceptor.java:195) ~[spring-data-commons-2.3.4.RELEASE.jar:2.3.4.RELEASE]
	at org.springframework.data.repository.core.support.QueryExecutorMethodInterceptor.doInvoke(QueryExecutorMethodInterceptor.java:152) ~[spring-data-commons-2.3.4.RELEASE.jar:2.3.4.RELEASE]
	at org.springframework.data.repository.core.support.QueryExecutorMethodInterceptor.invoke(QueryExecutorMethodInterceptor.java:130) ~[spring-data-commons-2.3.4.RELEASE.jar:2.3.4.RELEASE]
	at org.springframework.aop.framework.ReflectiveMethodInvocation.proceed(ReflectiveMethodInvocation.java:186) ~[spring-aop-5.2.9.RELEASE.jar:5.2.9.RELEASE]
	at org.springframework.data.projection.DefaultMethodInvokingMethodInterceptor.invoke(DefaultMethodInvokingMethodInterceptor.java:80) ~[spring-data-commons-2.3.4.RELEASE.jar:2.3.4.RELEASE]
	at org.springframework.aop.framework.ReflectiveMethodInvocation.proceed(ReflectiveMethodInvocation.java:186) ~[spring-aop-5.2.9.RELEASE.jar:5.2.9.RELEASE]
	at org.springframework.transaction.interceptor.TransactionAspectSupport.invokeWithinTransaction(TransactionAspectSupport.java:367) ~[spring-tx-5.2.9.RELEASE.jar:5.2.9.RELEASE]
	at org.springframework.transaction.interceptor.TransactionInterceptor.invoke(TransactionInterceptor.java:118) ~[spring-tx-5.2.9.RELEASE.jar:5.2.9.RELEASE]
	at org.springframework.aop.framework.ReflectiveMethodInvocation.proceed(ReflectiveMethodInvocation.java:186) ~[spring-aop-5.2.9.RELEASE.jar:5.2.9.RELEASE]
	at org.springframework.dao.support.PersistenceExceptionTranslationInterceptor.invoke(PersistenceExceptionTranslationInterceptor.java:139) ~[spring-tx-5.2.9.RELEASE.jar:5.2.9.RELEASE]
	at org.springframework.aop.framework.ReflectiveMethodInvocation.proceed(ReflectiveMethodInvocation.java:186) ~[spring-aop-5.2.9.RELEASE.jar:5.2.9.RELEASE]
	at org.springframework.data.jpa.repository.support.CrudMethodMetadataPostProcessor$CrudMethodMetadataPopulatingMethodInterceptor.invoke(CrudMethodMetadataPostProcessor.java:149) ~[spring-data-jpa-2.3.4.RELEASE.jar:2.3.4.RELEASE]
	at org.springframework.aop.framework.ReflectiveMethodInvocation.proceed(ReflectiveMethodInvocation.java:186) ~[spring-aop-5.2.9.RELEASE.jar:5.2.9.RELEASE]
	at org.springframework.aop.interceptor.ExposeInvocationInterceptor.invoke(ExposeInvocationInterceptor.java:95) ~[spring-aop-5.2.9.RELEASE.jar:5.2.9.RELEASE]
	at org.springframework.aop.framework.ReflectiveMethodInvocation.proceed(ReflectiveMethodInvocation.java:186) ~[spring-aop-5.2.9.RELEASE.jar:5.2.9.RELEASE]
	at org.springframework.aop.framework.JdkDynamicAopProxy.invoke(JdkDynamicAopProxy.java:212) ~[spring-aop-5.2.9.RELEASE.jar:5.2.9.RELEASE]
	at com.sun.proxy.$Proxy117.findByEmail(Unknown Source) ~[?:?]
	at sun.reflect.NativeMethodAccessorImpl.invoke0(Native Method) ~[?:1.8.0_271]
	at sun.reflect.NativeMethodAccessorImpl.invoke(NativeMethodAccessorImpl.java:62) ~[?:1.8.0_271]
	at sun.reflect.DelegatingMethodAccessorImpl.invoke(DelegatingMethodAccessorImpl.java:43) ~[?:1.8.0_271]
	at java.lang.reflect.Method.invoke(Method.java:498) ~[?:1.8.0_271]
	at org.springframework.aop.support.AopUtils.invokeJoinpointUsingReflection(AopUtils.java:344) ~[spring-aop-5.2.9.RELEASE.jar:5.2.9.RELEASE]
	at org.springframework.aop.framework.JdkDynamicAopProxy.invoke(JdkDynamicAopProxy.java:205) ~[spring-aop-5.2.9.RELEASE.jar:5.2.9.RELEASE]
	at com.sun.proxy.$Proxy83.findByEmail(Unknown Source) ~[?:?]
	at com.springbootmvc.a5.service.StoreServiceImpl.getUserByEmail(StoreServiceImpl.java:63) ~[classes/:?]
	at com.springbootmvc.a5.service.StoreServiceImpl$$FastClassBySpringCGLIB$$65c5d727.invoke(<generated>) ~[classes/:?]
	at org.springframework.cglib.proxy.MethodProxy.invoke(MethodProxy.java:218) ~[spring-core-5.2.9.RELEASE.jar:5.2.9.RELEASE]
	at org.springframework.aop.framework.CglibAopProxy$CglibMethodInvocation.invokeJoinpoint(CglibAopProxy.java:771) ~[spring-aop-5.2.9.RELEASE.jar:5.2.9.RELEASE]
	at org.springframework.aop.framework.ReflectiveMethodInvocation.proceed(ReflectiveMethodInvocation.java:163) ~[spring-aop-5.2.9.RELEASE.jar:5.2.9.RELEASE]
	at org.springframework.aop.framework.CglibAopProxy$CglibMethodInvocation.proceed(CglibAopProxy.java:749) ~[spring-aop-5.2.9.RELEASE.jar:5.2.9.RELEASE]
	at org.springframework.transaction.interceptor.TransactionAspectSupport.invokeWithinTransaction(TransactionAspectSupport.java:367) ~[spring-tx-5.2.9.RELEASE.jar:5.2.9.RELEASE]
	at org.springframework.transaction.interceptor.TransactionInterceptor.invoke(TransactionInterceptor.java:118) ~[spring-tx-5.2.9.RELEASE.jar:5.2.9.RELEASE]
	at org.springframework.aop.framework.ReflectiveMethodInvocation.proceed(ReflectiveMethodInvocation.java:186) ~[spring-aop-5.2.9.RELEASE.jar:5.2.9.RELEASE]
	at org.springframework.aop.framework.CglibAopProxy$CglibMethodInvocation.proceed(CglibAopProxy.java:749) ~[spring-aop-5.2.9.RELEASE.jar:5.2.9.RELEASE]
	at org.springframework.aop.framework.CglibAopProxy$DynamicAdvisedInterceptor.intercept(CglibAopProxy.java:691) ~[spring-aop-5.2.9.RELEASE.jar:5.2.9.RELEASE]
	at com.springbootmvc.a5.service.StoreServiceImpl$$EnhancerBySpringCGLIB$$726e88fa.getUserByEmail(<generated>) ~[classes/:?]
	at com.springbootmvc.a5.controller.ViewStoreController.getUserByEmail(ViewStoreController.java:49) ~[classes/:?]
	at sun.reflect.NativeMethodAccessorImpl.invoke0(Native Method) ~[?:1.8.0_271]
	at sun.reflect.NativeMethodAccessorImpl.invoke(NativeMethodAccessorImpl.java:62) ~[?:1.8.0_271]
	at sun.reflect.DelegatingMethodAccessorImpl.invoke(DelegatingMethodAccessorImpl.java:43) ~[?:1.8.0_271]
	at java.lang.reflect.Method.invoke(Method.java:498) ~[?:1.8.0_271]
	at org.springframework.web.method.support.InvocableHandlerMethod.doInvoke(InvocableHandlerMethod.java:190) ~[spring-web-5.2.9.RELEASE.jar:5.2.9.RELEASE]
	at org.springframework.web.method.support.InvocableHandlerMethod.invokeForRequest(InvocableHandlerMethod.java:138) ~[spring-web-5.2.9.RELEASE.jar:5.2.9.RELEASE]
	at org.springframework.web.servlet.mvc.method.annotation.ServletInvocableHandlerMethod.invokeAndHandle(ServletInvocableHandlerMethod.java:105) ~[spring-webmvc-5.2.9.RELEASE.jar:5.2.9.RELEASE]
	at org.springframework.web.servlet.mvc.method.annotation.RequestMappingHandlerAdapter.invokeHandlerMethod(RequestMappingHandlerAdapter.java:878) ~[spring-webmvc-5.2.9.RELEASE.jar:5.2.9.RELEASE]
	at org.springframework.web.servlet.mvc.method.annotation.RequestMappingHandlerAdapter.handleInternal(RequestMappingHandlerAdapter.java:792) ~[spring-webmvc-5.2.9.RELEASE.jar:5.2.9.RELEASE]
	at org.springframework.web.servlet.mvc.method.AbstractHandlerMethodAdapter.handle(AbstractHandlerMethodAdapter.java:87) ~[spring-webmvc-5.2.9.RELEASE.jar:5.2.9.RELEASE]
	at org.springframework.web.servlet.DispatcherServlet.doDispatch(DispatcherServlet.java:1040) ~[spring-webmvc-5.2.9.RELEASE.jar:5.2.9.RELEASE]
	at org.springframework.web.servlet.DispatcherServlet.doService(DispatcherServlet.java:943) ~[spring-webmvc-5.2.9.RELEASE.jar:5.2.9.RELEASE]
	at org.springframework.web.servlet.FrameworkServlet.processRequest(FrameworkServlet.java:1006) ~[spring-webmvc-5.2.9.RELEASE.jar:5.2.9.RELEASE]
	at org.springframework.web.servlet.FrameworkServlet.doGet(FrameworkServlet.java:898) ~[spring-webmvc-5.2.9.RELEASE.jar:5.2.9.RELEASE]
	at javax.servlet.http.HttpServlet.service(HttpServlet.java:626) ~[tomcat-embed-core-9.0.38.jar:4.0.FR]
	at org.springframework.web.servlet.FrameworkServlet.service(FrameworkServlet.java:883) ~[spring-webmvc-5.2.9.RELEASE.jar:5.2.9.RELEASE]
	at javax.servlet.http.HttpServlet.service(HttpServlet.java:733) ~[tomcat-embed-core-9.0.38.jar:4.0.FR]
	at org.apache.catalina.core.ApplicationFilterChain.internalDoFilter(ApplicationFilterChain.java:231) ~[tomcat-embed-core-9.0.38.jar:9.0.38]
	at org.apache.catalina.core.ApplicationFilterChain.doFilter(ApplicationFilterChain.java:166) ~[tomcat-embed-core-9.0.38.jar:9.0.38]
	at org.apache.tomcat.websocket.server.WsFilter.doFilter(WsFilter.java:53) ~[tomcat-embed-websocket-9.0.38.jar:9.0.38]
	at org.apache.catalina.core.ApplicationFilterChain.internalDoFilter(ApplicationFilterChain.java:193) ~[tomcat-embed-core-9.0.38.jar:9.0.38]
	at org.apache.catalina.core.ApplicationFilterChain.doFilter(ApplicationFilterChain.java:166) ~[tomcat-embed-core-9.0.38.jar:9.0.38]
	at org.springframework.security.web.FilterChainProxy$VirtualFilterChain.doFilter(FilterChainProxy.java:320) ~[spring-security-web-5.3.4.RELEASE.jar:5.3.4.RELEASE]
	at org.springframework.security.web.access.intercept.FilterSecurityInterceptor.invoke(FilterSecurityInterceptor.java:126) ~[spring-security-web-5.3.4.RELEASE.jar:5.3.4.RELEASE]
	at org.springframework.security.web.access.intercept.FilterSecurityInterceptor.doFilter(FilterSecurityInterceptor.java:90) ~[spring-security-web-5.3.4.RELEASE.jar:5.3.4.RELEASE]
	at org.springframework.security.web.FilterChainProxy$VirtualFilterChain.doFilter(FilterChainProxy.java:334) ~[spring-security-web-5.3.4.RELEASE.jar:5.3.4.RELEASE]
	at org.springframework.security.web.access.ExceptionTranslationFilter.doFilter(ExceptionTranslationFilter.java:118) ~[spring-security-web-5.3.4.RELEASE.jar:5.3.4.RELEASE]
	at org.springframework.security.web.FilterChainProxy$VirtualFilterChain.doFilter(FilterChainProxy.java:334) ~[spring-security-web-5.3.4.RELEASE.jar:5.3.4.RELEASE]
	at org.springframework.security.web.session.SessionManagementFilter.doFilter(SessionManagementFilter.java:137) ~[spring-security-web-5.3.4.RELEASE.jar:5.3.4.RELEASE]
	at org.springframework.security.web.FilterChainProxy$VirtualFilterChain.doFilter(FilterChainProxy.java:334) ~[spring-security-web-5.3.4.RELEASE.jar:5.3.4.RELEASE]
	at org.springframework.security.web.authentication.AnonymousAuthenticationFilter.doFilter(AnonymousAuthenticationFilter.java:111) ~[spring-security-web-5.3.4.RELEASE.jar:5.3.4.RELEASE]
	at org.springframework.security.web.FilterChainProxy$VirtualFilterChain.doFilter(FilterChainProxy.java:334) ~[spring-security-web-5.3.4.RELEASE.jar:5.3.4.RELEASE]
	at org.springframework.security.web.servletapi.SecurityContextHolderAwareRequestFilter.doFilter(SecurityContextHolderAwareRequestFilter.java:158) ~[spring-security-web-5.3.4.RELEASE.jar:5.3.4.RELEASE]
	at org.springframework.security.web.FilterChainProxy$VirtualFilterChain.doFilter(FilterChainProxy.java:334) ~[spring-security-web-5.3.4.RELEASE.jar:5.3.4.RELEASE]
	at org.springframework.security.web.savedrequest.RequestCacheAwareFilter.doFilter(RequestCacheAwareFilter.java:63) ~[spring-security-web-5.3.4.RELEASE.jar:5.3.4.RELEASE]
	at org.springframework.security.web.FilterChainProxy$VirtualFilterChain.doFilter(FilterChainProxy.java:334) ~[spring-security-web-5.3.4.RELEASE.jar:5.3.4.RELEASE]
	at org.springframework.security.web.authentication.www.BasicAuthenticationFilter.doFilterInternal(BasicAuthenticationFilter.java:155) ~[spring-security-web-5.3.4.RELEASE.jar:5.3.4.RELEASE]
	at org.springframework.web.filter.OncePerRequestFilter.doFilter(OncePerRequestFilter.java:119) ~[spring-web-5.2.9.RELEASE.jar:5.2.9.RELEASE]
	at org.springframework.security.web.FilterChainProxy$VirtualFilterChain.doFilter(FilterChainProxy.java:334) ~[spring-security-web-5.3.4.RELEASE.jar:5.3.4.RELEASE]
	at org.springframework.security.web.authentication.logout.LogoutFilter.doFilter(LogoutFilter.java:116) ~[spring-security-web-5.3.4.RELEASE.jar:5.3.4.RELEASE]
	at org.springframework.security.web.FilterChainProxy$VirtualFilterChain.doFilter(FilterChainProxy.java:334) ~[spring-security-web-5.3.4.RELEASE.jar:5.3.4.RELEASE]
	at org.springframework.security.web.csrf.CsrfFilter.doFilterInternal(CsrfFilter.java:117) ~[spring-security-web-5.3.4.RELEASE.jar:5.3.4.RELEASE]
	at org.springframework.web.filter.OncePerRequestFilter.doFilter(OncePerRequestFilter.java:119) ~[spring-web-5.2.9.RELEASE.jar:5.2.9.RELEASE]
	at org.springframework.security.web.FilterChainProxy$VirtualFilterChain.doFilter(FilterChainProxy.java:334) ~[spring-security-web-5.3.4.RELEASE.jar:5.3.4.RELEASE]
	at org.springframework.security.web.header.HeaderWriterFilter.doHeadersAfter(HeaderWriterFilter.java:92) ~[spring-security-web-5.3.4.RELEASE.jar:5.3.4.RELEASE]
	at org.springframework.security.web.header.HeaderWriterFilter.doFilterInternal(HeaderWriterFilter.java:77) ~[spring-security-web-5.3.4.RELEASE.jar:5.3.4.RELEASE]
	at org.springframework.web.filter.OncePerRequestFilter.doFilter(OncePerRequestFilter.java:119) ~[spring-web-5.2.9.RELEASE.jar:5.2.9.RELEASE]
	at org.springframework.security.web.FilterChainProxy$VirtualFilterChain.doFilter(FilterChainProxy.java:334) ~[spring-security-web-5.3.4.RELEASE.jar:5.3.4.RELEASE]
	at org.springframework.security.web.context.SecurityContextPersistenceFilter.doFilter(SecurityContextPersistenceFilter.java:105) ~[spring-security-web-5.3.4.RELEASE.jar:5.3.4.RELEASE]
	at org.springframework.security.web.FilterChainProxy$VirtualFilterChain.doFilter(FilterChainProxy.java:334) ~[spring-security-web-5.3.4.RELEASE.jar:5.3.4.RELEASE]
	at org.springframework.security.web.context.request.async.WebAsyncManagerIntegrationFilter.doFilterInternal(WebAsyncManagerIntegrationFilter.java:56) ~[spring-security-web-5.3.4.RELEASE.jar:5.3.4.RELEASE]
	at org.springframework.web.filter.OncePerRequestFilter.doFilter(OncePerRequestFilter.java:119) ~[spring-web-5.2.9.RELEASE.jar:5.2.9.RELEASE]
	at org.springframework.security.web.FilterChainProxy$VirtualFilterChain.doFilter(FilterChainProxy.java:334) ~[spring-security-web-5.3.4.RELEASE.jar:5.3.4.RELEASE]
	at org.springframework.security.web.FilterChainProxy.doFilterInternal(FilterChainProxy.java:215) ~[spring-security-web-5.3.4.RELEASE.jar:5.3.4.RELEASE]
	at org.springframework.security.web.FilterChainProxy.doFilter(FilterChainProxy.java:178) ~[spring-security-web-5.3.4.RELEASE.jar:5.3.4.RELEASE]
	at org.springframework.web.filter.DelegatingFilterProxy.invokeDelegate(DelegatingFilterProxy.java:358) ~[spring-web-5.2.9.RELEASE.jar:5.2.9.RELEASE]
	at org.springframework.web.filter.DelegatingFilterProxy.doFilter(DelegatingFilterProxy.java:271) ~[spring-web-5.2.9.RELEASE.jar:5.2.9.RELEASE]
	at org.apache.catalina.core.ApplicationFilterChain.internalDoFilter(ApplicationFilterChain.java:193) ~[tomcat-embed-core-9.0.38.jar:9.0.38]
	at org.apache.catalina.core.ApplicationFilterChain.doFilter(ApplicationFilterChain.java:166) ~[tomcat-embed-core-9.0.38.jar:9.0.38]
	at org.springframework.web.filter.RequestContextFilter.doFilterInternal(RequestContextFilter.java:100) ~[spring-web-5.2.9.RELEASE.jar:5.2.9.RELEASE]
	at org.springframework.web.filter.OncePerRequestFilter.doFilter(OncePerRequestFilter.java:119) ~[spring-web-5.2.9.RELEASE.jar:5.2.9.RELEASE]
	at org.apache.catalina.core.ApplicationFilterChain.internalDoFilter(ApplicationFilterChain.java:193) ~[tomcat-embed-core-9.0.38.jar:9.0.38]
	at org.apache.catalina.core.ApplicationFilterChain.doFilter(ApplicationFilterChain.java:166) ~[tomcat-embed-core-9.0.38.jar:9.0.38]
	at org.springframework.web.filter.FormContentFilter.doFilterInternal(FormContentFilter.java:93) ~[spring-web-5.2.9.RELEASE.jar:5.2.9.RELEASE]
	at org.springframework.web.filter.OncePerRequestFilter.doFilter(OncePerRequestFilter.java:119) ~[spring-web-5.2.9.RELEASE.jar:5.2.9.RELEASE]
	at org.apache.catalina.core.ApplicationFilterChain.internalDoFilter(ApplicationFilterChain.java:193) ~[tomcat-embed-core-9.0.38.jar:9.0.38]
	at org.apache.catalina.core.ApplicationFilterChain.doFilter(ApplicationFilterChain.java:166) ~[tomcat-embed-core-9.0.38.jar:9.0.38]
	at org.springframework.web.filter.CharacterEncodingFilter.doFilterInternal(CharacterEncodingFilter.java:201) ~[spring-web-5.2.9.RELEASE.jar:5.2.9.RELEASE]
	at org.springframework.web.filter.OncePerRequestFilter.doFilter(OncePerRequestFilter.java:119) ~[spring-web-5.2.9.RELEASE.jar:5.2.9.RELEASE]
	at org.apache.catalina.core.ApplicationFilterChain.internalDoFilter(ApplicationFilterChain.java:193) ~[tomcat-embed-core-9.0.38.jar:9.0.38]
	at org.apache.catalina.core.ApplicationFilterChain.doFilter(ApplicationFilterChain.java:166) ~[tomcat-embed-core-9.0.38.jar:9.0.38]
	at org.apache.catalina.core.StandardWrapperValve.invoke(StandardWrapperValve.java:202) [tomcat-embed-core-9.0.38.jar:9.0.38]
	at org.apache.catalina.core.StandardContextValve.invoke(StandardContextValve.java:97) [tomcat-embed-core-9.0.38.jar:9.0.38]
	at org.apache.catalina.authenticator.AuthenticatorBase.invoke(AuthenticatorBase.java:541) [tomcat-embed-core-9.0.38.jar:9.0.38]
	at org.apache.catalina.core.StandardHostValve.invoke(StandardHostValve.java:143) [tomcat-embed-core-9.0.38.jar:9.0.38]
	at org.apache.catalina.valves.ErrorReportValve.invoke(ErrorReportValve.java:92) [tomcat-embed-core-9.0.38.jar:9.0.38]
	at org.apache.catalina.core.StandardEngineValve.invoke(StandardEngineValve.java:78) [tomcat-embed-core-9.0.38.jar:9.0.38]
	at org.apache.catalina.connector.CoyoteAdapter.service(CoyoteAdapter.java:343) [tomcat-embed-core-9.0.38.jar:9.0.38]
	at org.apache.coyote.http11.Http11Processor.service(Http11Processor.java:374) [tomcat-embed-core-9.0.38.jar:9.0.38]
	at org.apache.coyote.AbstractProcessorLight.process(AbstractProcessorLight.java:65) [tomcat-embed-core-9.0.38.jar:9.0.38]
	at org.apache.coyote.AbstractProtocol$ConnectionHandler.process(AbstractProtocol.java:868) [tomcat-embed-core-9.0.38.jar:9.0.38]
	at org.apache.tomcat.util.net.NioEndpoint$SocketProcessor.doRun(NioEndpoint.java:1590) [tomcat-embed-core-9.0.38.jar:9.0.38]
	at org.apache.tomcat.util.net.SocketProcessorBase.run(SocketProcessorBase.java:49) [tomcat-embed-core-9.0.38.jar:9.0.38]
	at java.util.concurrent.ThreadPoolExecutor.runWorker(ThreadPoolExecutor.java:1149) [?:1.8.0_271]
	at java.util.concurrent.ThreadPoolExecutor$Worker.run(ThreadPoolExecutor.java:624) [?:1.8.0_271]
	at org.apache.tomcat.util.threads.TaskThread$WrappingRunnable.run(TaskThread.java:61) [tomcat-embed-core-9.0.38.jar:9.0.38]
	at java.lang.Thread.run(Thread.java:748) [?:1.8.0_271]
2022-01-03 16:35:35,315 INFO c.s.a.c.ViewStoreController [http-nio-1210-exec-6] before calling Service to fetch list details
2022-01-03 16:35:35,317 INFO c.s.a.s.StoreServiceImpl [http-nio-1210-exec-6] In service class fetch all store
2022-01-03 16:35:35,318 DEBUG o.h.e.j.s.SqlStatementLogger [http-nio-1210-exec-6] select store0_.user_id as user_id1_1_, store0_.email as email2_1_, store0_.localities as localiti3_1_, store0_.name as name4_1_, store0_.password as password5_1_, store0_.phone as phone6_1_, store0_.user_name as user_nam7_1_ from user store0_
2022-01-03 16:35:35,323 DEBUG o.h.e.j.s.SqlStatementLogger [http-nio-1210-exec-6] select role0_.user_id as user_id1_2_0_, role0_.role_id as role_id2_2_0_, role1_.role_id as role_id1_0_1_, role1_.user_role as user_rol2_0_1_ from users_roles role0_ inner join roles role1_ on role0_.role_id=role1_.role_id where role0_.user_id=?
2022-01-03 16:35:35,324 DEBUG o.h.e.j.s.SqlStatementLogger [http-nio-1210-exec-6] select role0_.user_id as user_id1_2_0_, role0_.role_id as role_id2_2_0_, role1_.role_id as role_id1_0_1_, role1_.user_role as user_rol2_0_1_ from users_roles role0_ inner join roles role1_ on role0_.role_id=role1_.role_id where role0_.user_id=?
2022-01-03 16:35:35,325 DEBUG o.h.e.j.s.SqlStatementLogger [http-nio-1210-exec-6] select role0_.user_id as user_id1_2_0_, role0_.role_id as role_id2_2_0_, role1_.role_id as role_id1_0_1_, role1_.user_role as user_rol2_0_1_ from users_roles role0_ inner join roles role1_ on role0_.role_id=role1_.role_id where role0_.user_id=?
2022-01-03 16:35:35,327 DEBUG o.h.e.j.s.SqlStatementLogger [http-nio-1210-exec-6] select role0_.user_id as user_id1_2_0_, role0_.role_id as role_id2_2_0_, role1_.role_id as role_id1_0_1_, role1_.user_role as user_rol2_0_1_ from users_roles role0_ inner join roles role1_ on role0_.role_id=role1_.role_id where role0_.user_id=?
2022-01-03 16:35:35,328 DEBUG o.h.e.j.s.SqlStatementLogger [http-nio-1210-exec-6] select role0_.user_id as user_id1_2_0_, role0_.role_id as role_id2_2_0_, role1_.role_id as role_id1_0_1_, role1_.user_role as user_rol2_0_1_ from users_roles role0_ inner join roles role1_ on role0_.role_id=role1_.role_id where role0_.user_id=?
2022-01-03 16:35:35,329 DEBUG o.h.e.j.s.SqlStatementLogger [http-nio-1210-exec-6] select role0_.user_id as user_id1_2_0_, role0_.role_id as role_id2_2_0_, role1_.role_id as role_id1_0_1_, role1_.user_role as user_rol2_0_1_ from users_roles role0_ inner join roles role1_ on role0_.role_id=role1_.role_id where role0_.user_id=?
2022-01-03 16:35:35,330 DEBUG o.h.e.j.s.SqlStatementLogger [http-nio-1210-exec-6] select role0_.user_id as user_id1_2_0_, role0_.role_id as role_id2_2_0_, role1_.role_id as role_id1_0_1_, role1_.user_role as user_rol2_0_1_ from users_roles role0_ inner join roles role1_ on role0_.role_id=role1_.role_id where role0_.user_id=?
2022-01-03 16:35:35,333 DEBUG o.h.e.j.s.SqlStatementLogger [http-nio-1210-exec-6] select role0_.user_id as user_id1_2_0_, role0_.role_id as role_id2_2_0_, role1_.role_id as role_id1_0_1_, role1_.user_role as user_rol2_0_1_ from users_roles role0_ inner join roles role1_ on role0_.role_id=role1_.role_id where role0_.user_id=?
2022-01-03 16:35:35,335 DEBUG o.h.e.j.s.SqlStatementLogger [http-nio-1210-exec-6] select role0_.user_id as user_id1_2_0_, role0_.role_id as role_id2_2_0_, role1_.role_id as role_id1_0_1_, role1_.user_role as user_rol2_0_1_ from users_roles role0_ inner join roles role1_ on role0_.role_id=role1_.role_id where role0_.user_id=?
2022-01-03 16:35:35,337 DEBUG o.h.e.j.s.SqlStatementLogger [http-nio-1210-exec-6] select role0_.user_id as user_id1_2_0_, role0_.role_id as role_id2_2_0_, role1_.role_id as role_id1_0_1_, role1_.user_role as user_rol2_0_1_ from users_roles role0_ inner join roles role1_ on role0_.role_id=role1_.role_id where role0_.user_id=?
2022-01-03 16:35:35,339 DEBUG o.h.e.j.s.SqlStatementLogger [http-nio-1210-exec-6] select role0_.user_id as user_id1_2_0_, role0_.role_id as role_id2_2_0_, role1_.role_id as role_id1_0_1_, role1_.user_role as user_rol2_0_1_ from users_roles role0_ inner join roles role1_ on role0_.role_id=role1_.role_id where role0_.user_id=?
2022-01-03 16:35:35,340 DEBUG o.h.e.j.s.SqlStatementLogger [http-nio-1210-exec-6] select role0_.user_id as user_id1_2_0_, role0_.role_id as role_id2_2_0_, role1_.role_id as role_id1_0_1_, role1_.user_role as user_rol2_0_1_ from users_roles role0_ inner join roles role1_ on role0_.role_id=role1_.role_id where role0_.user_id=?
2022-01-03 16:35:35,345 INFO c.s.a.c.ViewStoreController [http-nio-1210-exec-6] after calling Service to fetch list details
2022-01-03 16:35:40,625 INFO c.s.a.c.ViewStoreController [http-nio-1210-exec-7] before calling Service to fetch store details by email
2022-01-03 16:35:40,626 INFO c.s.a.s.StoreServiceImpl [http-nio-1210-exec-7] In service class fetch store
2022-01-03 16:35:40,628 DEBUG o.h.e.j.s.SqlStatementLogger [http-nio-1210-exec-7] select store0_.user_id as user_id1_1_, store0_.email as email2_1_, store0_.localities as localiti3_1_, store0_.name as name4_1_, store0_.password as password5_1_, store0_.phone as phone6_1_, store0_.user_name as user_nam7_1_ from user store0_ where store0_.email=?
2022-01-03 16:35:40,630 DEBUG o.h.e.j.s.SqlStatementLogger [http-nio-1210-exec-7] select role0_.user_id as user_id1_2_0_, role0_.role_id as role_id2_2_0_, role1_.role_id as role_id1_0_1_, role1_.user_role as user_rol2_0_1_ from users_roles role0_ inner join roles role1_ on role0_.role_id=role1_.role_id where role0_.user_id=?
2022-01-03 16:35:40,633 INFO c.s.a.c.ViewStoreController [http-nio-1210-exec-7] before calling Service to fetch store details by email
2022-01-03 16:35:42,991 INFO c.s.a.c.ViewStoreController [http-nio-1210-exec-8] before calling Service to fetch list details
2022-01-03 16:35:42,992 INFO c.s.a.s.StoreServiceImpl [http-nio-1210-exec-8] In service class fetch all store
2022-01-03 16:35:42,993 DEBUG o.h.e.j.s.SqlStatementLogger [http-nio-1210-exec-8] select store0_.user_id as user_id1_1_, store0_.email as email2_1_, store0_.localities as localiti3_1_, store0_.name as name4_1_, store0_.password as password5_1_, store0_.phone as phone6_1_, store0_.user_name as user_nam7_1_ from user store0_
2022-01-03 16:35:42,997 DEBUG o.h.e.j.s.SqlStatementLogger [http-nio-1210-exec-8] select role0_.user_id as user_id1_2_0_, role0_.role_id as role_id2_2_0_, role1_.role_id as role_id1_0_1_, role1_.user_role as user_rol2_0_1_ from users_roles role0_ inner join roles role1_ on role0_.role_id=role1_.role_id where role0_.user_id=?
2022-01-03 16:35:43,000 DEBUG o.h.e.j.s.SqlStatementLogger [http-nio-1210-exec-8] select role0_.user_id as user_id1_2_0_, role0_.role_id as role_id2_2_0_, role1_.role_id as role_id1_0_1_, role1_.user_role as user_rol2_0_1_ from users_roles role0_ inner join roles role1_ on role0_.role_id=role1_.role_id where role0_.user_id=?
2022-01-03 16:35:43,002 DEBUG o.h.e.j.s.SqlStatementLogger [http-nio-1210-exec-8] select role0_.user_id as user_id1_2_0_, role0_.role_id as role_id2_2_0_, role1_.role_id as role_id1_0_1_, role1_.user_role as user_rol2_0_1_ from users_roles role0_ inner join roles role1_ on role0_.role_id=role1_.role_id where role0_.user_id=?
2022-01-03 16:35:43,005 DEBUG o.h.e.j.s.SqlStatementLogger [http-nio-1210-exec-8] select role0_.user_id as user_id1_2_0_, role0_.role_id as role_id2_2_0_, role1_.role_id as role_id1_0_1_, role1_.user_role as user_rol2_0_1_ from users_roles role0_ inner join roles role1_ on role0_.role_id=role1_.role_id where role0_.user_id=?
2022-01-03 16:35:43,007 DEBUG o.h.e.j.s.SqlStatementLogger [http-nio-1210-exec-8] select role0_.user_id as user_id1_2_0_, role0_.role_id as role_id2_2_0_, role1_.role_id as role_id1_0_1_, role1_.user_role as user_rol2_0_1_ from users_roles role0_ inner join roles role1_ on role0_.role_id=role1_.role_id where role0_.user_id=?
2022-01-03 16:35:43,009 DEBUG o.h.e.j.s.SqlStatementLogger [http-nio-1210-exec-8] select role0_.user_id as user_id1_2_0_, role0_.role_id as role_id2_2_0_, role1_.role_id as role_id1_0_1_, role1_.user_role as user_rol2_0_1_ from users_roles role0_ inner join roles role1_ on role0_.role_id=role1_.role_id where role0_.user_id=?
2022-01-03 16:35:43,010 DEBUG o.h.e.j.s.SqlStatementLogger [http-nio-1210-exec-8] select role0_.user_id as user_id1_2_0_, role0_.role_id as role_id2_2_0_, role1_.role_id as role_id1_0_1_, role1_.user_role as user_rol2_0_1_ from users_roles role0_ inner join roles role1_ on role0_.role_id=role1_.role_id where role0_.user_id=?
2022-01-03 16:35:43,011 DEBUG o.h.e.j.s.SqlStatementLogger [http-nio-1210-exec-8] select role0_.user_id as user_id1_2_0_, role0_.role_id as role_id2_2_0_, role1_.role_id as role_id1_0_1_, role1_.user_role as user_rol2_0_1_ from users_roles role0_ inner join roles role1_ on role0_.role_id=role1_.role_id where role0_.user_id=?
2022-01-03 16:35:43,013 DEBUG o.h.e.j.s.SqlStatementLogger [http-nio-1210-exec-8] select role0_.user_id as user_id1_2_0_, role0_.role_id as role_id2_2_0_, role1_.role_id as role_id1_0_1_, role1_.user_role as user_rol2_0_1_ from users_roles role0_ inner join roles role1_ on role0_.role_id=role1_.role_id where role0_.user_id=?
2022-01-03 16:35:43,014 DEBUG o.h.e.j.s.SqlStatementLogger [http-nio-1210-exec-8] select role0_.user_id as user_id1_2_0_, role0_.role_id as role_id2_2_0_, role1_.role_id as role_id1_0_1_, role1_.user_role as user_rol2_0_1_ from users_roles role0_ inner join roles role1_ on role0_.role_id=role1_.role_id where role0_.user_id=?
2022-01-03 16:35:43,016 DEBUG o.h.e.j.s.SqlStatementLogger [http-nio-1210-exec-8] select role0_.user_id as user_id1_2_0_, role0_.role_id as role_id2_2_0_, role1_.role_id as role_id1_0_1_, role1_.user_role as user_rol2_0_1_ from users_roles role0_ inner join roles role1_ on role0_.role_id=role1_.role_id where role0_.user_id=?
2022-01-03 16:35:43,017 DEBUG o.h.e.j.s.SqlStatementLogger [http-nio-1210-exec-8] select role0_.user_id as user_id1_2_0_, role0_.role_id as role_id2_2_0_, role1_.role_id as role_id1_0_1_, role1_.user_role as user_rol2_0_1_ from users_roles role0_ inner join roles role1_ on role0_.role_id=role1_.role_id where role0_.user_id=?
2022-01-03 16:35:43,020 INFO c.s.a.c.ViewStoreController [http-nio-1210-exec-8] after calling Service to fetch list details
2022-01-03 16:35:49,342 INFO c.s.a.s.RoleConvertor [http-nio-1210-exec-2] before calling role converter
2022-01-03 16:35:49,342 DEBUG o.h.e.j.s.SqlStatementLogger [http-nio-1210-exec-2] select role0_.role_id as role_id1_0_, role0_.user_role as user_rol2_0_ from roles role0_ where role0_.user_role=?
2022-01-03 16:35:49,346 INFO c.s.a.s.RoleConvertor [http-nio-1210-exec-2] before calling role converter
2022-01-03 16:35:49,348 DEBUG o.h.e.j.s.SqlStatementLogger [http-nio-1210-exec-2] select role0_.role_id as role_id1_0_, role0_.user_role as user_rol2_0_ from roles role0_ where role0_.user_role=?
2022-01-03 16:35:49,350 INFO c.s.a.s.RoleConvertor [http-nio-1210-exec-2] before calling role converter
2022-01-03 16:35:49,351 DEBUG o.h.e.j.s.SqlStatementLogger [http-nio-1210-exec-2] select role0_.role_id as role_id1_0_, role0_.user_role as user_rol2_0_ from roles role0_ where role0_.user_role=?
