2022-01-03 16:20:46,391 INFO o.s.b.StartupInfoLogger [restartedMain] Starting Assignment4SpringBootMvcJpadbApplication on HYDLPT-2GMX5 with PID 10524 (C:\Users\ramannpr\Downloads\Assignment4-SpringBootMvcJPADB\target\classes started by ramannpr in C:\Users\ramannpr\Downloads\Assignment4-SpringBootMvcJPADB)
2022-01-03 16:20:46,397 DEBUG o.s.b.StartupInfoLogger [restartedMain] Running with Spring Boot v2.3.4.RELEASE, Spring v5.2.9.RELEASE
2022-01-03 16:20:46,397 INFO o.s.b.SpringApplication [restartedMain] No active profile set, falling back to default profiles: default
2022-01-03 16:20:46,456 INFO o.s.b.l.DeferredLog [restartedMain] Devtools property defaults active! Set 'spring.devtools.add-properties' to 'false' to disable
2022-01-03 16:20:46,476 INFO o.s.b.l.DeferredLog [restartedMain] For additional web related logging consider setting the 'logging.level.web' property to 'DEBUG'
2022-01-03 16:20:46,939 INFO o.s.d.r.c.RepositoryConfigurationDelegate [restartedMain] Bootstrapping Spring Data JPA repositories in DEFERRED mode.
2022-01-03 16:20:46,991 INFO o.s.d.r.c.RepositoryConfigurationDelegate [restartedMain] Finished Spring Data repository scanning in 44ms. Found 2 JPA repository interfaces.
2022-01-03 16:20:47,232 INFO o.s.c.s.PostProcessorRegistrationDelegate$BeanPostProcessorChecker [restartedMain] Bean 'org.springframework.security.access.expression.method.DefaultMethodSecurityExpressionHandler@7cbc1c28' of type [org.springframework.security.access.expression.method.DefaultMethodSecurityExpressionHandler] is not eligible for getting processed by all BeanPostProcessors (for example: not eligible for auto-proxying)
2022-01-03 16:20:47,237 INFO o.s.c.s.PostProcessorRegistrationDelegate$BeanPostProcessorChecker [restartedMain] Bean 'methodSecurityMetadataSource' of type [org.springframework.security.access.method.DelegatingMethodSecurityMetadataSource] is not eligible for getting processed by all BeanPostProcessors (for example: not eligible for auto-proxying)
2022-01-03 16:20:47,742 INFO o.s.b.w.e.t.TomcatWebServer [restartedMain] Tomcat initialized with port(s): 1210 (http)
2022-01-03 16:20:47,750 INFO o.a.j.l.DirectJDKLog [restartedMain] Initializing ProtocolHandler ["http-nio-1210"]
2022-01-03 16:20:47,750 INFO o.a.j.l.DirectJDKLog [restartedMain] Starting service [Tomcat]
2022-01-03 16:20:47,750 INFO o.a.j.l.DirectJDKLog [restartedMain] Starting Servlet engine: [Apache Tomcat/9.0.38]
2022-01-03 16:20:47,752 INFO o.a.j.l.DirectJDKLog [restartedMain] Loaded Apache Tomcat Native library [1.2.27] using APR version [1.7.0].
2022-01-03 16:20:47,752 INFO o.a.j.l.DirectJDKLog [restartedMain] APR capabilities: IPv6 [true], sendfile [true], accept filters [false], random [true].
2022-01-03 16:20:47,753 INFO o.a.j.l.DirectJDKLog [restartedMain] APR/OpenSSL configuration: useAprConnector [false], useOpenSSL [true]
2022-01-03 16:20:47,755 INFO o.a.j.l.DirectJDKLog [restartedMain] OpenSSL successfully initialized [OpenSSL 1.1.1k  25 Mar 2021]
2022-01-03 16:20:47,935 INFO o.a.j.l.DirectJDKLog [restartedMain] At least one JAR was scanned for TLDs yet contained no TLDs. Enable debug logging for this logger for a complete list of JARs that were scanned but no TLDs were found in them. Skipping unneeded JARs during scanning can improve startup time and JSP compilation time.
2022-01-03 16:20:47,943 INFO o.a.j.l.DirectJDKLog [restartedMain] Initializing Spring embedded WebApplicationContext
2022-01-03 16:20:47,943 INFO o.s.b.w.s.c.ServletWebServerApplicationContext [restartedMain] Root WebApplicationContext: initialization completed in 1467 ms
2022-01-03 16:20:48,076 INFO o.s.s.c.ExecutorConfigurationSupport [restartedMain] Initializing ExecutorService 'applicationTaskExecutor'
2022-01-03 16:20:48,110 INFO o.h.j.i.u.LogHelper [task-1] HHH000204: Processing PersistenceUnitInfo [name: default]
2022-01-03 16:20:48,138 WARN o.s.b.a.o.j.JpaBaseConfiguration$JpaWebConfiguration [restartedMain] spring.jpa.open-in-view is enabled by default. Therefore, database queries may be performed during view rendering. Explicitly configure spring.jpa.open-in-view to disable this warning
2022-01-03 16:20:48,156 INFO o.h.Version [task-1] HHH000412: Hibernate ORM core version 5.4.21.Final
2022-01-03 16:20:48,292 INFO o.h.a.c.r.j.JavaReflectionManager [task-1] HCANN000001: Hibernate Commons Annotations {5.1.0.Final}
2022-01-03 16:20:48,371 INFO o.s.s.w.DefaultSecurityFilterChain [restartedMain] Creating filter chain: any request, [org.springframework.security.web.context.request.async.WebAsyncManagerIntegrationFilter@2a15950b, org.springframework.security.web.context.SecurityContextPersistenceFilter@1b7f676f, org.springframework.security.web.header.HeaderWriterFilter@7390d5a0, org.springframework.security.web.csrf.CsrfFilter@79a9cfff, org.springframework.security.web.authentication.logout.LogoutFilter@365a8770, org.springframework.security.web.authentication.www.BasicAuthenticationFilter@5bc30976, org.springframework.security.web.savedrequest.RequestCacheAwareFilter@16b242f9, org.springframework.security.web.servletapi.SecurityContextHolderAwareRequestFilter@6c15e9b8, org.springframework.security.web.authentication.AnonymousAuthenticationFilter@602e6a16, org.springframework.security.web.session.SessionManagementFilter@142b0d6, org.springframework.security.web.access.ExceptionTranslationFilter@5d4573fe, org.springframework.security.web.access.intercept.FilterSecurityInterceptor@3671c278]
2022-01-03 16:20:48,377 INFO c.z.h.HikariDataSource [task-1] HikariPool-1 - Starting...
2022-01-03 16:20:48,661 INFO o.s.b.d.a.OptionalLiveReloadServer [restartedMain] LiveReload server is running on port 35729
2022-01-03 16:20:48,678 INFO o.a.j.l.DirectJDKLog [restartedMain] Starting ProtocolHandler ["http-nio-1210"]
2022-01-03 16:20:48,707 INFO o.s.b.w.e.t.TomcatWebServer [restartedMain] Tomcat started on port(s): 1210 (http) with context path ''
2022-01-03 16:20:48,708 INFO o.s.d.r.c.DeferredRepositoryInitializationListener [restartedMain] Triggering deferred initialization of Spring Data repositories…
2022-01-03 16:20:49,048 INFO c.z.h.HikariDataSource [task-1] HikariPool-1 - Start completed.
2022-01-03 16:20:49,060 INFO o.h.d.Dialect [task-1] HHH000400: Using dialect: org.hibernate.dialect.MySQL5Dialect
2022-01-03 16:20:49,721 DEBUG o.h.e.j.s.SqlStatementLogger [task-1] alter table users_roles add constraint FKj6m8fwv7oqv74fcehir1a9ffy foreign key (role_id) references roles (role_id)
2022-01-03 16:20:49,770 DEBUG o.h.e.j.s.SqlStatementLogger [task-1] alter table users_roles add constraint FKgd3iendaoyh04b95ykqise6qh foreign key (user_id) references user (user_id)
2022-01-03 16:20:49,829 INFO o.h.e.t.j.p.i.JtaPlatformInitiator [task-1] HHH000490: Using JtaPlatform implementation: [org.hibernate.engine.transaction.jta.platform.internal.NoJtaPlatform]
2022-01-03 16:20:49,835 INFO o.s.o.j.AbstractEntityManagerFactoryBean [task-1] Initialized JPA EntityManagerFactory for persistence unit 'default'
2022-01-03 16:20:50,060 INFO o.s.d.r.c.DeferredRepositoryInitializationListener [restartedMain] Spring Data repositories initialized!
2022-01-03 16:20:50,066 INFO o.s.b.StartupInfoLogger [restartedMain] Started Assignment4SpringBootMvcJpadbApplication in 3.899 seconds (JVM running for 4.537)
2022-01-03 16:21:06,077 INFO o.a.j.l.DirectJDKLog [http-nio-1210-exec-2] Initializing Spring DispatcherServlet 'dispatcherServlet'
2022-01-03 16:21:06,077 INFO o.s.w.s.FrameworkServlet [http-nio-1210-exec-2] Initializing Servlet 'dispatcherServlet'
2022-01-03 16:21:06,086 INFO o.s.w.s.FrameworkServlet [http-nio-1210-exec-2] Completed initialization in 8 ms
2022-01-03 16:21:06,222 INFO c.s.a.s.SecureUserDetailsServiceImpl [http-nio-1210-exec-2] in  userdetails service
2022-01-03 16:21:06,461 DEBUG o.h.e.j.s.SqlStatementLogger [http-nio-1210-exec-2] select store0_.user_id as user_id1_1_, store0_.email as email2_1_, store0_.localities as localiti3_1_, store0_.name as name4_1_, store0_.password as password5_1_, store0_.phone as phone6_1_, store0_.user_name as user_nam7_1_ from user store0_ where store0_.user_name=?
2022-01-03 16:21:06,522 DEBUG o.h.e.j.s.SqlStatementLogger [http-nio-1210-exec-2] select role0_.user_id as user_id1_2_0_, role0_.role_id as role_id2_2_0_, role1_.role_id as role_id1_0_1_, role1_.user_role as user_rol2_0_1_ from users_roles role0_ inner join roles role1_ on role0_.role_id=role1_.role_id where role0_.user_id=?
