2022-01-03 15:59:10,377 INFO o.s.t.c.s.AbstractTestContextBootstrapper [main] Neither @ContextConfiguration nor @ContextHierarchy found for test class [com.springbootmvc.a5.Assignment4SpringBootMvcJpadbApplicationTests], using SpringBootContextLoader
2022-01-03 15:59:10,384 INFO o.s.t.c.s.AbstractContextLoader [main] Could not detect default resource locations for test class [com.springbootmvc.a5.Assignment4SpringBootMvcJpadbApplicationTests]: no resource found for suffixes {-context.xml, Context.groovy}.
2022-01-03 15:59:10,385 INFO o.s.t.c.s.AnnotationConfigContextLoaderUtils [main] Could not detect default configuration classes for test class [com.springbootmvc.a5.Assignment4SpringBootMvcJpadbApplicationTests]: Assignment4SpringBootMvcJpadbApplicationTests does not declare any static, non-private, non-final, nested classes annotated with @Configuration.
2022-01-03 15:59:10,480 INFO o.s.b.t.c.SpringBootTestContextBootstrapper [main] Found @SpringBootConfiguration com.springbootmvc.a5.Assignment4SpringBootMvcJpadbApplication for test class com.springbootmvc.a5.Assignment4SpringBootMvcJpadbApplicationTests
2022-01-03 15:59:10,583 INFO o.s.t.c.s.AbstractTestContextBootstrapper [main] Loaded default TestExecutionListener class names from location [META-INF/spring.factories]: [org.springframework.boot.test.mock.mockito.MockitoTestExecutionListener, org.springframework.boot.test.mock.mockito.ResetMocksTestExecutionListener, org.springframework.boot.test.autoconfigure.restdocs.RestDocsTestExecutionListener, org.springframework.boot.test.autoconfigure.web.client.MockRestServiceServerResetTestExecutionListener, org.springframework.boot.test.autoconfigure.web.servlet.MockMvcPrintOnlyOnFailureTestExecutionListener, org.springframework.boot.test.autoconfigure.web.servlet.WebDriverTestExecutionListener, org.springframework.boot.test.autoconfigure.webservices.client.MockWebServiceServerTestExecutionListener, org.springframework.test.context.web.ServletTestExecutionListener, org.springframework.test.context.support.DirtiesContextBeforeModesTestExecutionListener, org.springframework.test.context.support.DependencyInjectionTestExecutionListener, org.springframework.test.context.support.DirtiesContextTestExecutionListener, org.springframework.test.context.transaction.TransactionalTestExecutionListener, org.springframework.test.context.jdbc.SqlScriptsTestExecutionListener, org.springframework.test.context.event.EventPublishingTestExecutionListener]
2022-01-03 15:59:10,616 INFO o.s.t.c.s.AbstractTestContextBootstrapper [main] Using TestExecutionListeners: [org.springframework.test.context.web.ServletTestExecutionListener@61e94def, org.springframework.test.context.support.DirtiesContextBeforeModesTestExecutionListener@3300f4fd, org.springframework.boot.test.mock.mockito.MockitoTestExecutionListener@ebb6851, org.springframework.boot.test.autoconfigure.SpringBootDependencyInjectionTestExecutionListener@70ab2d48, org.springframework.test.context.support.DirtiesContextTestExecutionListener@5b068087, org.springframework.test.context.transaction.TransactionalTestExecutionListener@6f152006, org.springframework.test.context.jdbc.SqlScriptsTestExecutionListener@3a393455, org.springframework.test.context.event.EventPublishingTestExecutionListener@13518f37, org.springframework.boot.test.mock.mockito.ResetMocksTestExecutionListener@7cbc3762, org.springframework.boot.test.autoconfigure.restdocs.RestDocsTestExecutionListener@3a6f2de3, org.springframework.boot.test.autoconfigure.web.client.MockRestServiceServerResetTestExecutionListener@49872d67, org.springframework.boot.test.autoconfigure.web.servlet.MockMvcPrintOnlyOnFailureTestExecutionListener@56303b57, org.springframework.boot.test.autoconfigure.web.servlet.WebDriverTestExecutionListener@4b2a01d4, org.springframework.boot.test.autoconfigure.webservices.client.MockWebServiceServerTestExecutionListener@8692d67]
2022-01-03 15:59:10,817 INFO o.s.b.StartupInfoLogger [main] Starting Assignment4SpringBootMvcJpadbApplicationTests on HYDLPT-2GMX5 with PID 8860 (started by ramannpr in C:\Users\ramannpr\Downloads\Assignment4-SpringBootMvcJPADB)
2022-01-03 15:59:10,819 DEBUG o.s.b.StartupInfoLogger [main] Running with Spring Boot v2.3.4.RELEASE, Spring v5.2.9.RELEASE
2022-01-03 15:59:10,819 INFO o.s.b.SpringApplication [main] No active profile set, falling back to default profiles: default
2022-01-03 15:59:11,376 INFO o.s.d.r.c.RepositoryConfigurationDelegate [main] Bootstrapping Spring Data JPA repositories in DEFERRED mode.
2022-01-03 15:59:11,445 INFO o.s.d.r.c.RepositoryConfigurationDelegate [main] Finished Spring Data repository scanning in 62ms. Found 2 JPA repository interfaces.
2022-01-03 15:59:11,787 INFO o.s.c.s.PostProcessorRegistrationDelegate$BeanPostProcessorChecker [main] Bean 'org.springframework.security.access.expression.method.DefaultMethodSecurityExpressionHandler@36a6bea6' of type [org.springframework.security.access.expression.method.DefaultMethodSecurityExpressionHandler] is not eligible for getting processed by all BeanPostProcessors (for example: not eligible for auto-proxying)
2022-01-03 15:59:11,798 INFO o.s.c.s.PostProcessorRegistrationDelegate$BeanPostProcessorChecker [main] Bean 'methodSecurityMetadataSource' of type [org.springframework.security.access.method.DelegatingMethodSecurityMetadataSource] is not eligible for getting processed by all BeanPostProcessors (for example: not eligible for auto-proxying)
2022-01-03 15:59:11,962 INFO o.s.s.c.ExecutorConfigurationSupport [main] Initializing ExecutorService 'applicationTaskExecutor'
2022-01-03 15:59:12,020 INFO o.h.j.i.u.LogHelper [task-1] HHH000204: Processing PersistenceUnitInfo [name: default]
2022-01-03 15:59:12,062 WARN o.s.b.a.o.j.JpaBaseConfiguration$JpaWebConfiguration [main] spring.jpa.open-in-view is enabled by default. Therefore, database queries may be performed during view rendering. Explicitly configure spring.jpa.open-in-view to disable this warning
2022-01-03 15:59:12,077 INFO o.h.Version [task-1] HHH000412: Hibernate ORM core version 5.4.21.Final
2022-01-03 15:59:12,224 INFO o.h.a.c.r.j.JavaReflectionManager [task-1] HCANN000001: Hibernate Commons Annotations {5.1.0.Final}
2022-01-03 15:59:12,595 INFO c.z.h.HikariDataSource [task-1] HikariPool-1 - Starting...
2022-01-03 15:59:12,603 INFO o.s.s.w.DefaultSecurityFilterChain [main] Creating filter chain: any request, [org.springframework.security.web.context.request.async.WebAsyncManagerIntegrationFilter@3e906375, org.springframework.security.web.context.SecurityContextPersistenceFilter@59a79443, org.springframework.security.web.header.HeaderWriterFilter@7c011174, org.springframework.security.web.csrf.CsrfFilter@6ee99964, org.springframework.security.web.authentication.logout.LogoutFilter@7978e022, org.springframework.security.web.authentication.www.BasicAuthenticationFilter@56f730b2, org.springframework.security.web.savedrequest.RequestCacheAwareFilter@13dbed9e, org.springframework.security.web.servletapi.SecurityContextHolderAwareRequestFilter@51ab1ee3, org.springframework.security.web.authentication.AnonymousAuthenticationFilter@40230eb9, org.springframework.security.web.session.SessionManagementFilter@41da3aee, org.springframework.security.web.access.ExceptionTranslationFilter@15c487a8, org.springframework.security.web.access.intercept.FilterSecurityInterceptor@17aa8a11]
2022-01-03 15:59:13,429 INFO c.z.h.HikariDataSource [task-1] HikariPool-1 - Start completed.
2022-01-03 15:59:13,446 INFO o.h.d.Dialect [task-1] HHH000400: Using dialect: org.hibernate.dialect.MySQL5Dialect
2022-01-03 15:59:13,451 INFO o.s.d.r.c.DeferredRepositoryInitializationListener [main] Triggering deferred initialization of Spring Data repositories…
2022-01-03 15:59:14,244 DEBUG o.h.e.j.s.SqlStatementLogger [task-1] alter table users_roles add constraint FKj6m8fwv7oqv74fcehir1a9ffy foreign key (role_id) references roles (role_id)
2022-01-03 15:59:14,288 DEBUG o.h.e.j.s.SqlStatementLogger [task-1] alter table users_roles add constraint FKgd3iendaoyh04b95ykqise6qh foreign key (user_id) references user (user_id)
2022-01-03 15:59:14,321 INFO o.h.e.t.j.p.i.JtaPlatformInitiator [task-1] HHH000490: Using JtaPlatform implementation: [org.hibernate.engine.transaction.jta.platform.internal.NoJtaPlatform]
2022-01-03 15:59:14,329 INFO o.s.o.j.AbstractEntityManagerFactoryBean [task-1] Initialized JPA EntityManagerFactory for persistence unit 'default'
2022-01-03 15:59:14,571 INFO o.s.d.r.c.DeferredRepositoryInitializationListener [main] Spring Data repositories initialized!
2022-01-03 15:59:14,578 INFO o.s.b.StartupInfoLogger [main] Started Assignment4SpringBootMvcJpadbApplicationTests in 3.931 seconds (JVM running for 5.165)
2022-01-03 15:59:14,778 INFO c.s.a.c.ViewStoreController [main] before calling Service to fetch store details by email
2022-01-03 15:59:14,782 INFO c.s.a.c.ViewStoreController [main] before calling Service to fetch store details by email
2022-01-03 15:59:14,785 INFO c.s.a.c.ViewStoreController [main] before calling Service to fetch list details
2022-01-03 15:59:14,786 INFO c.s.a.c.ViewStoreController [main] after calling Service to fetch list details
2022-01-03 15:59:14,791 INFO c.s.a.c.AddStoreController [main] before calling Service
2022-01-03 15:59:14,791 INFO c.s.a.c.AddStoreController [main] After calling Service
2022-01-03 15:59:14,850 INFO c.s.a.s.StoreServiceImpl [main] In service class fetch store
2022-01-03 15:59:14,852 INFO c.s.a.s.StoreServiceImpl [main] In service class save method
2022-01-03 15:59:14,854 INFO c.s.a.s.StoreServiceImpl [main] In service class fetch all store
2022-01-03 15:59:14,867 INFO o.s.o.j.AbstractEntityManagerFactoryBean [SpringContextShutdownHook] Closing JPA EntityManagerFactory for persistence unit 'default'
2022-01-03 15:59:14,869 INFO o.s.s.c.ExecutorConfigurationSupport [SpringContextShutdownHook] Shutting down ExecutorService 'applicationTaskExecutor'
2022-01-03 15:59:14,869 INFO c.z.h.HikariDataSource [SpringContextShutdownHook] HikariPool-1 - Shutdown initiated...
2022-01-03 15:59:14,898 INFO c.z.h.HikariDataSource [SpringContextShutdownHook] HikariPool-1 - Shutdown completed.
