2022-01-03 16:20:28,607 INFO o.s.t.c.s.AbstractTestContextBootstrapper [main] Neither @ContextConfiguration nor @ContextHierarchy found for test class [com.springbootmvc.a5.Assignment4SpringBootMvcJpadbApplicationTests], using SpringBootContextLoader
2022-01-03 16:20:28,614 INFO o.s.t.c.s.AbstractContextLoader [main] Could not detect default resource locations for test class [com.springbootmvc.a5.Assignment4SpringBootMvcJpadbApplicationTests]: no resource found for suffixes {-context.xml, Context.groovy}.
2022-01-03 16:20:28,614 INFO o.s.t.c.s.AnnotationConfigContextLoaderUtils [main] Could not detect default configuration classes for test class [com.springbootmvc.a5.Assignment4SpringBootMvcJpadbApplicationTests]: Assignment4SpringBootMvcJpadbApplicationTests does not declare any static, non-private, non-final, nested classes annotated with @Configuration.
2022-01-03 16:20:28,691 INFO o.s.b.t.c.SpringBootTestContextBootstrapper [main] Found @SpringBootConfiguration com.springbootmvc.a5.Assignment4SpringBootMvcJpadbApplication for test class com.springbootmvc.a5.Assignment4SpringBootMvcJpadbApplicationTests
2022-01-03 16:20:28,808 INFO o.s.t.c.s.AbstractTestContextBootstrapper [main] Loaded default TestExecutionListener class names from location [META-INF/spring.factories]: [org.springframework.boot.test.mock.mockito.MockitoTestExecutionListener, org.springframework.boot.test.mock.mockito.ResetMocksTestExecutionListener, org.springframework.boot.test.autoconfigure.restdocs.RestDocsTestExecutionListener, org.springframework.boot.test.autoconfigure.web.client.MockRestServiceServerResetTestExecutionListener, org.springframework.boot.test.autoconfigure.web.servlet.MockMvcPrintOnlyOnFailureTestExecutionListener, org.springframework.boot.test.autoconfigure.web.servlet.WebDriverTestExecutionListener, org.springframework.boot.test.autoconfigure.webservices.client.MockWebServiceServerTestExecutionListener, org.springframework.test.context.web.ServletTestExecutionListener, org.springframework.test.context.support.DirtiesContextBeforeModesTestExecutionListener, org.springframework.test.context.support.DependencyInjectionTestExecutionListener, org.springframework.test.context.support.DirtiesContextTestExecutionListener, org.springframework.test.context.transaction.TransactionalTestExecutionListener, org.springframework.test.context.jdbc.SqlScriptsTestExecutionListener, org.springframework.test.context.event.EventPublishingTestExecutionListener]
2022-01-03 16:20:28,820 INFO o.s.t.c.s.AbstractTestContextBootstrapper [main] Using TestExecutionListeners: [org.springframework.test.context.web.ServletTestExecutionListener@5553d0f5, org.springframework.test.context.support.DirtiesContextBeforeModesTestExecutionListener@1af687fe, org.springframework.boot.test.mock.mockito.MockitoTestExecutionListener@14dda234, org.springframework.boot.test.autoconfigure.SpringBootDependencyInjectionTestExecutionListener@3f390d63, org.springframework.test.context.support.DirtiesContextTestExecutionListener@74a6a609, org.springframework.test.context.transaction.TransactionalTestExecutionListener@5a411614, org.springframework.test.context.jdbc.SqlScriptsTestExecutionListener@2374d36a, org.springframework.test.context.event.EventPublishingTestExecutionListener@54d18072, org.springframework.boot.test.mock.mockito.ResetMocksTestExecutionListener@1506f20f, org.springframework.boot.test.autoconfigure.restdocs.RestDocsTestExecutionListener@47a5b70d, org.springframework.boot.test.autoconfigure.web.client.MockRestServiceServerResetTestExecutionListener@424fd310, org.springframework.boot.test.autoconfigure.web.servlet.MockMvcPrintOnlyOnFailureTestExecutionListener@1a45193b, org.springframework.boot.test.autoconfigure.web.servlet.WebDriverTestExecutionListener@38f116f6, org.springframework.boot.test.autoconfigure.webservices.client.MockWebServiceServerTestExecutionListener@5286c33a]
2022-01-03 16:20:28,999 INFO o.s.b.StartupInfoLogger [main] Starting Assignment4SpringBootMvcJpadbApplicationTests on HYDLPT-2GMX5 with PID 12804 (started by ramannpr in C:\Users\ramannpr\Downloads\Assignment4-SpringBootMvcJPADB)
2022-01-03 16:20:29,002 DEBUG o.s.b.StartupInfoLogger [main] Running with Spring Boot v2.3.4.RELEASE, Spring v5.2.9.RELEASE
2022-01-03 16:20:29,002 INFO o.s.b.SpringApplication [main] No active profile set, falling back to default profiles: default
2022-01-03 16:20:29,485 INFO o.s.d.r.c.RepositoryConfigurationDelegate [main] Bootstrapping Spring Data JPA repositories in DEFERRED mode.
2022-01-03 16:20:29,544 INFO o.s.d.r.c.RepositoryConfigurationDelegate [main] Finished Spring Data repository scanning in 52ms. Found 2 JPA repository interfaces.
2022-01-03 16:20:29,904 INFO o.s.c.s.PostProcessorRegistrationDelegate$BeanPostProcessorChecker [main] Bean 'org.springframework.security.access.expression.method.DefaultMethodSecurityExpressionHandler@2b8bb184' of type [org.springframework.security.access.expression.method.DefaultMethodSecurityExpressionHandler] is not eligible for getting processed by all BeanPostProcessors (for example: not eligible for auto-proxying)
2022-01-03 16:20:29,914 INFO o.s.c.s.PostProcessorRegistrationDelegate$BeanPostProcessorChecker [main] Bean 'methodSecurityMetadataSource' of type [org.springframework.security.access.method.DelegatingMethodSecurityMetadataSource] is not eligible for getting processed by all BeanPostProcessors (for example: not eligible for auto-proxying)
2022-01-03 16:20:30,069 INFO o.s.s.c.ExecutorConfigurationSupport [main] Initializing ExecutorService 'applicationTaskExecutor'
2022-01-03 16:20:30,124 INFO o.h.j.i.u.LogHelper [task-1] HHH000204: Processing PersistenceUnitInfo [name: default]
2022-01-03 16:20:30,176 WARN o.s.b.a.o.j.JpaBaseConfiguration$JpaWebConfiguration [main] spring.jpa.open-in-view is enabled by default. Therefore, database queries may be performed during view rendering. Explicitly configure spring.jpa.open-in-view to disable this warning
2022-01-03 16:20:30,178 INFO o.h.Version [task-1] HHH000412: Hibernate ORM core version 5.4.21.Final
2022-01-03 16:20:30,320 INFO o.h.a.c.r.j.JavaReflectionManager [task-1] HCANN000001: Hibernate Commons Annotations {5.1.0.Final}
2022-01-03 16:20:30,627 INFO o.s.s.w.DefaultSecurityFilterChain [main] Creating filter chain: any request, [org.springframework.security.web.context.request.async.WebAsyncManagerIntegrationFilter@5a49af50, org.springframework.security.web.context.SecurityContextPersistenceFilter@6993c8df, org.springframework.security.web.header.HeaderWriterFilter@45aca496, org.springframework.security.web.csrf.CsrfFilter@480b57e2, org.springframework.security.web.authentication.logout.LogoutFilter@18a25bbd, org.springframework.security.web.authentication.www.BasicAuthenticationFilter@b0a1231, org.springframework.security.web.savedrequest.RequestCacheAwareFilter@326e0b8e, org.springframework.security.web.servletapi.SecurityContextHolderAwareRequestFilter@76a805b7, org.springframework.security.web.authentication.AnonymousAuthenticationFilter@3b1dc579, org.springframework.security.web.session.SessionManagementFilter@7978e022, org.springframework.security.web.access.ExceptionTranslationFilter@5f174dd2, org.springframework.security.web.access.intercept.FilterSecurityInterceptor@2fd954f]
2022-01-03 16:20:30,631 INFO c.z.h.HikariDataSource [task-1] HikariPool-1 - Starting...
2022-01-03 16:20:31,361 INFO o.s.d.r.c.DeferredRepositoryInitializationListener [main] Triggering deferred initialization of Spring Data repositories…
2022-01-03 16:20:31,382 INFO c.z.h.HikariDataSource [task-1] HikariPool-1 - Start completed.
2022-01-03 16:20:31,401 INFO o.h.d.Dialect [task-1] HHH000400: Using dialect: org.hibernate.dialect.MySQL5Dialect
2022-01-03 16:20:32,111 DEBUG o.h.e.j.s.SqlStatementLogger [task-1] alter table users_roles add constraint FKj6m8fwv7oqv74fcehir1a9ffy foreign key (role_id) references roles (role_id)
2022-01-03 16:20:32,190 DEBUG o.h.e.j.s.SqlStatementLogger [task-1] alter table users_roles add constraint FKgd3iendaoyh04b95ykqise6qh foreign key (user_id) references user (user_id)
2022-01-03 16:20:32,229 INFO o.h.e.t.j.p.i.JtaPlatformInitiator [task-1] HHH000490: Using JtaPlatform implementation: [org.hibernate.engine.transaction.jta.platform.internal.NoJtaPlatform]
2022-01-03 16:20:32,235 INFO o.s.o.j.AbstractEntityManagerFactoryBean [task-1] Initialized JPA EntityManagerFactory for persistence unit 'default'
2022-01-03 16:20:32,444 INFO o.s.d.r.c.DeferredRepositoryInitializationListener [main] Spring Data repositories initialized!
2022-01-03 16:20:32,451 INFO o.s.b.StartupInfoLogger [main] Started Assignment4SpringBootMvcJpadbApplicationTests in 3.602 seconds (JVM running for 4.797)
2022-01-03 16:20:32,638 INFO c.s.a.c.ViewStoreController [main] before calling Service to fetch store details by email
2022-01-03 16:20:32,640 INFO c.s.a.c.ViewStoreController [main] before calling Service to fetch store details by email
2022-01-03 16:20:32,644 INFO c.s.a.c.ViewStoreController [main] before calling Service to fetch list details
2022-01-03 16:20:32,644 INFO c.s.a.c.ViewStoreController [main] after calling Service to fetch list details
2022-01-03 16:20:32,647 INFO c.s.a.c.AddStoreController [main] before calling Service
2022-01-03 16:20:32,647 INFO c.s.a.c.AddStoreController [main] After calling Service
2022-01-03 16:20:32,695 INFO c.s.a.s.StoreServiceImpl [main] In service class fetch store
2022-01-03 16:20:32,697 INFO c.s.a.s.StoreServiceImpl [main] In service class save method
2022-01-03 16:20:32,698 INFO c.s.a.s.StoreServiceImpl [main] In service class fetch all store
2022-01-03 16:20:32,702 INFO o.s.o.j.AbstractEntityManagerFactoryBean [SpringContextShutdownHook] Closing JPA EntityManagerFactory for persistence unit 'default'
2022-01-03 16:20:32,704 INFO o.s.s.c.ExecutorConfigurationSupport [SpringContextShutdownHook] Shutting down ExecutorService 'applicationTaskExecutor'
2022-01-03 16:20:32,706 INFO c.z.h.HikariDataSource [SpringContextShutdownHook] HikariPool-1 - Shutdown initiated...
2022-01-03 16:20:32,717 INFO c.z.h.HikariDataSource [SpringContextShutdownHook] HikariPool-1 - Shutdown completed.
